时间：2018-04-11 12:33:36
array (
  0 => 'SELECT t1.game_id,t2.*,\'\' as type_names
		FROM position t1 LEFT JOIN game t2 ON t1.game_id=t2.game_id
		WHERE t1.cat_id=\'3\' AND t2.status=3 
		and t1.game_id not in(2202,2831,2548,2765,2218,2763,2417,1853,983,214,119,1588,1782)
		 ORDER BY t1.sorts DESC,t1.id DESC  
		 LIMIT 0,12 ',
  1 => 'CDbConnection failed to open the DB connection: SQLSTATE[HY000] [1045] Access denied for user \'root\'@\'localhost\' (using password: YES)',
  2 => '#0 D:\\www\\www.7724yx.com\\framework\\db\\CDbConnection.php(347): CDbConnection->open()
#1 D:\\www\\www.7724yx.com\\framework\\db\\CDbConnection.php(325): CDbConnection->setActive(true)
#2 D:\\www\\www.7724yx.com\\framework\\base\\CModule.php(394): CDbConnection->init()
#3 D:\\www\\www.7724yx.com\\framework\\base\\CModule.php(103): CModule->getComponent(\'db\')
#4 D:\\www\\www.7724yx.com\\protected\\components\\DBHelper.php(39): CModule->__get(\'db\')
#5 D:\\www\\www.7724yx.com\\protected\\components\\DBHelper.php(13): DBHelper::bindParam(\'SELECT t1.game_...\', Array)
#6 D:\\www\\www.7724yx.com\\protected\\modules\\pc\\components\\Pc_PositionBll.php(45): DBHelper::queryAll(\'SELECT t1.game_...\')
#7 D:\\www\\www.7724yx.com\\protected\\modules\\pc\\views\\index\\index.php(80): Pc_PositionBll::getRecommendGame(12)
#8 D:\\www\\www.7724yx.com\\framework\\web\\CBaseController.php(126): require(\'D:\\\\www\\\\www.7724...\')
#9 D:\\www\\www.7724yx.com\\framework\\web\\CBaseController.php(95): CBaseController->renderInternal(\'D:\\\\www\\\\www.7724...\', NULL, true)
#10 D:\\www\\www.7724yx.com\\framework\\web\\CController.php(869): CBaseController->renderFile(\'D:\\\\www\\\\www.7724...\', NULL, true)
#11 D:\\www\\www.7724yx.com\\framework\\web\\CController.php(782): CController->renderPartial(\'index\', NULL, true)
#12 D:\\www\\www.7724yx.com\\protected\\modules\\pc\\controllers\\IndexController.php(16): CController->render(\'index\')
#13 D:\\www\\www.7724yx.com\\framework\\web\\actions\\CInlineAction.php(49): IndexController->actionIndex()
#14 D:\\www\\www.7724yx.com\\framework\\web\\CController.php(308): CInlineAction->runWithParams(Array)
#15 D:\\www\\www.7724yx.com\\framework\\web\\CController.php(286): CController->runAction(Object(CInlineAction))
#16 D:\\www\\www.7724yx.com\\framework\\web\\CController.php(265): CController->runActionWithFilters(Object(CInlineAction), NULL)
#17 D:\\www\\www.7724yx.com\\framework\\web\\CWebApplication.php(282): CController->run(\'index\')
#18 D:\\www\\www.7724yx.com\\framework\\web\\CWebApplication.php(141): CWebApplication->runController(\'pc/index/index\')
#19 D:\\www\\www.7724yx.com\\framework\\base\\CApplication.php(184): CWebApplication->processRequest()
#20 D:\\www\\www.7724yx.com\\index.php(48): CApplication->run()
#21 {main}',
)
*************************************
时间：2018-04-11 12:33:37
array (
  0 => 'SELECT * FROM game_types ',
  1 => 'CDbConnection failed to open the DB connection: SQLSTATE[HY000] [1045] Access denied for user \'root\'@\'localhost\' (using password: YES)',
  2 => '#0 D:\\www\\www.7724yx.com\\framework\\db\\CDbConnection.php(347): CDbConnection->open()
#1 D:\\www\\www.7724yx.com\\framework\\db\\CDbConnection.php(325): CDbConnection->setActive(true)
#2 D:\\www\\www.7724yx.com\\framework\\base\\CModule.php(394): CDbConnection->init()
#3 D:\\www\\www.7724yx.com\\framework\\base\\CModule.php(103): CModule->getComponent(\'db\')
#4 D:\\www\\www.7724yx.com\\protected\\components\\DBHelper.php(39): CModule->__get(\'db\')
#5 D:\\www\\www.7724yx.com\\protected\\components\\DBHelper.php(13): DBHelper::bindParam(\'SELECT * FROM g...\', Array)
#6 D:\\www\\www.7724yx.com\\protected\\modules\\pc\\components\\Pc_GameBll.php(129): DBHelper::queryAll(\'SELECT * FROM g...\')
#7 D:\\www\\www.7724yx.com\\protected\\modules\\pc\\components\\Pc_PositionBll.php(48): Pc_GameBll::getAllType(1)
#8 D:\\www\\www.7724yx.com\\protected\\modules\\pc\\views\\index\\index.php(80): Pc_PositionBll::getRecommendGame(12)
#9 D:\\www\\www.7724yx.com\\framework\\web\\CBaseController.php(126): require(\'D:\\\\www\\\\www.7724...\')
#10 D:\\www\\www.7724yx.com\\framework\\web\\CBaseController.php(95): CBaseController->renderInternal(\'D:\\\\www\\\\www.7724...\', NULL, true)
#11 D:\\www\\www.7724yx.com\\framework\\web\\CController.php(869): CBaseController->renderFile(\'D:\\\\www\\\\www.7724...\', NULL, true)
#12 D:\\www\\www.7724yx.com\\framework\\web\\CController.php(782): CController->renderPartial(\'index\', NULL, true)
#13 D:\\www\\www.7724yx.com\\protected\\modules\\pc\\controllers\\IndexController.php(16): CController->render(\'index\')
#14 D:\\www\\www.7724yx.com\\framework\\web\\actions\\CInlineAction.php(49): IndexController->actionIndex()
#15 D:\\www\\www.7724yx.com\\framework\\web\\CController.php(308): CInlineAction->runWithParams(Array)
#16 D:\\www\\www.7724yx.com\\framework\\web\\CController.php(286): CController->runAction(Object(CInlineAction))
#17 D:\\www\\www.7724yx.com\\framework\\web\\CController.php(265): CController->runActionWithFilters(Object(CInlineAction), NULL)
#18 D:\\www\\www.7724yx.com\\framework\\web\\CWebApplication.php(282): CController->run(\'index\')
#19 D:\\www\\www.7724yx.com\\framework\\web\\CWebApplication.php(141): CWebApplication->runController(\'pc/index/index\')
#20 D:\\www\\www.7724yx.com\\framework\\base\\CApplication.php(184): CWebApplication->processRequest()
#21 D:\\www\\www.7724yx.com\\index.php(48): CApplication->run()
#22 {main}',
)
*************************************
时间：2018-04-11 12:33:38
array (
  0 => 'SELECT \'1\' as dj_flag,gm.game_id,gm.pinyin,gm.game_logo,gm.game_name, 
					gm.status,gm.game_url,
					gm.star_level,gm.game_visits,gm.rand_visits,gm.game_type ,\'\' as type_names 
					FROM game_play_record gpr , game gm WHERE gpr.game_id=gm.game_id 
					order by gpr.order_desc desc,gpr.create_time desc limit 12 ',
  1 => 'CDbConnection failed to open the DB connection: SQLSTATE[HY000] [1045] Access denied for user \'root\'@\'localhost\' (using password: YES)',
  2 => '#0 D:\\www\\www.7724yx.com\\framework\\db\\CDbConnection.php(347): CDbConnection->open()
#1 D:\\www\\www.7724yx.com\\framework\\db\\CDbConnection.php(325): CDbConnection->setActive(true)
#2 D:\\www\\www.7724yx.com\\framework\\base\\CModule.php(394): CDbConnection->init()
#3 D:\\www\\www.7724yx.com\\framework\\base\\CModule.php(103): CModule->getComponent(\'db\')
#4 D:\\www\\www.7724yx.com\\protected\\components\\DBHelper.php(39): CModule->__get(\'db\')
#5 D:\\www\\www.7724yx.com\\protected\\components\\DBHelper.php(13): DBHelper::bindParam(\'SELECT \'1\' as d...\', Array)
#6 D:\\www\\www.7724yx.com\\protected\\modules\\pc\\components\\Pc_UserBll.php(135): DBHelper::queryAll(\'SELECT \'1\' as d...\')
#7 D:\\www\\www.7724yx.com\\protected\\modules\\pc\\views\\index\\index.php(124): Pc_UserBll::getUserPlayRecord(12)
#8 D:\\www\\www.7724yx.com\\framework\\web\\CBaseController.php(126): require(\'D:\\\\www\\\\www.7724...\')
#9 D:\\www\\www.7724yx.com\\framework\\web\\CBaseController.php(95): CBaseController->renderInternal(\'D:\\\\www\\\\www.7724...\', NULL, true)
#10 D:\\www\\www.7724yx.com\\framework\\web\\CController.php(869): CBaseController->renderFile(\'D:\\\\www\\\\www.7724...\', NULL, true)
#11 D:\\www\\www.7724yx.com\\framework\\web\\CController.php(782): CController->renderPartial(\'index\', NULL, true)
#12 D:\\www\\www.7724yx.com\\protected\\modules\\pc\\controllers\\IndexController.php(16): CController->render(\'index\')
#13 D:\\www\\www.7724yx.com\\framework\\web\\actions\\CInlineAction.php(49): IndexController->actionIndex()
#14 D:\\www\\www.7724yx.com\\framework\\web\\CController.php(308): CInlineAction->runWithParams(Array)
#15 D:\\www\\www.7724yx.com\\framework\\web\\CController.php(286): CController->runAction(Object(CInlineAction))
#16 D:\\www\\www.7724yx.com\\framework\\web\\CController.php(265): CController->runActionWithFilters(Object(CInlineAction), NULL)
#17 D:\\www\\www.7724yx.com\\framework\\web\\CWebApplication.php(282): CController->run(\'index\')
#18 D:\\www\\www.7724yx.com\\framework\\web\\CWebApplication.php(141): CWebApplication->runController(\'pc/index/index\')
#19 D:\\www\\www.7724yx.com\\framework\\base\\CApplication.php(184): CWebApplication->processRequest()
#20 D:\\www\\www.7724yx.com\\index.php(48): CApplication->run()
#21 {main}',
)
*************************************
时间：2018-04-11 12:33:39
array (
  0 => 'SELECT * FROM game_types ',
  1 => 'CDbConnection failed to open the DB connection: SQLSTATE[HY000] [1045] Access denied for user \'root\'@\'localhost\' (using password: YES)',
  2 => '#0 D:\\www\\www.7724yx.com\\framework\\db\\CDbConnection.php(347): CDbConnection->open()
#1 D:\\www\\www.7724yx.com\\framework\\db\\CDbConnection.php(325): CDbConnection->setActive(true)
#2 D:\\www\\www.7724yx.com\\framework\\base\\CModule.php(394): CDbConnection->init()
#3 D:\\www\\www.7724yx.com\\framework\\base\\CModule.php(103): CModule->getComponent(\'db\')
#4 D:\\www\\www.7724yx.com\\protected\\components\\DBHelper.php(39): CModule->__get(\'db\')
#5 D:\\www\\www.7724yx.com\\protected\\components\\DBHelper.php(13): DBHelper::bindParam(\'SELECT * FROM g...\', Array)
#6 D:\\www\\www.7724yx.com\\protected\\modules\\pc\\components\\Pc_GameBll.php(129): DBHelper::queryAll(\'SELECT * FROM g...\')
#7 D:\\www\\www.7724yx.com\\protected\\modules\\pc\\components\\Pc_UserBll.php(167): Pc_GameBll::getAllType(1)
#8 D:\\www\\www.7724yx.com\\protected\\modules\\pc\\views\\index\\index.php(124): Pc_UserBll::getUserPlayRecord(12)
#9 D:\\www\\www.7724yx.com\\framework\\web\\CBaseController.php(126): require(\'D:\\\\www\\\\www.7724...\')
#10 D:\\www\\www.7724yx.com\\framework\\web\\CBaseController.php(95): CBaseController->renderInternal(\'D:\\\\www\\\\www.7724...\', NULL, true)
#11 D:\\www\\www.7724yx.com\\framework\\web\\CController.php(869): CBaseController->renderFile(\'D:\\\\www\\\\www.7724...\', NULL, true)
#12 D:\\www\\www.7724yx.com\\framework\\web\\CController.php(782): CController->renderPartial(\'index\', NULL, true)
#13 D:\\www\\www.7724yx.com\\protected\\modules\\pc\\controllers\\IndexController.php(16): CController->render(\'index\')
#14 D:\\www\\www.7724yx.com\\framework\\web\\actions\\CInlineAction.php(49): IndexController->actionIndex()
#15 D:\\www\\www.7724yx.com\\framework\\web\\CController.php(308): CInlineAction->runWithParams(Array)
#16 D:\\www\\www.7724yx.com\\framework\\web\\CController.php(286): CController->runAction(Object(CInlineAction))
#17 D:\\www\\www.7724yx.com\\framework\\web\\CController.php(265): CController->runActionWithFilters(Object(CInlineAction), NULL)
#18 D:\\www\\www.7724yx.com\\framework\\web\\CWebApplication.php(282): CController->run(\'index\')
#19 D:\\www\\www.7724yx.com\\framework\\web\\CWebApplication.php(141): CWebApplication->runController(\'pc/index/index\')
#20 D:\\www\\www.7724yx.com\\framework\\base\\CApplication.php(184): CWebApplication->processRequest()
#21 D:\\www\\www.7724yx.com\\index.php(48): CApplication->run()
#22 {main}',
)
*************************************
时间：2018-04-11 12:33:40
array (
  0 => 'SELECT * FROM game  WHERE status=3 
				and game_id not in(2202,2831,2548,2765,2218,2763,2417,1853,983,214,119,1588,1782)
				  order by time DESC ,game_id DESC   LIMIT 12 ',
  1 => 'CDbConnection failed to open the DB connection: SQLSTATE[HY000] [1045] Access denied for user \'root\'@\'localhost\' (using password: YES)',
  2 => '#0 D:\\www\\www.7724yx.com\\framework\\db\\CDbConnection.php(347): CDbConnection->open()
#1 D:\\www\\www.7724yx.com\\framework\\db\\CDbConnection.php(325): CDbConnection->setActive(true)
#2 D:\\www\\www.7724yx.com\\framework\\base\\CModule.php(394): CDbConnection->init()
#3 D:\\www\\www.7724yx.com\\framework\\base\\CModule.php(103): CModule->getComponent(\'db\')
#4 D:\\www\\www.7724yx.com\\protected\\components\\DBHelper.php(39): CModule->__get(\'db\')
#5 D:\\www\\www.7724yx.com\\protected\\components\\DBHelper.php(13): DBHelper::bindParam(\'SELECT * FROM g...\', Array)
#6 D:\\www\\www.7724yx.com\\protected\\modules\\pc\\components\\Pc_GameBll.php(103): DBHelper::queryAll(\'SELECT * FROM g...\')
#7 D:\\www\\www.7724yx.com\\protected\\modules\\pc\\views\\index\\index.php(219): Pc_GameBll::getNewGames(12)
#8 D:\\www\\www.7724yx.com\\framework\\web\\CBaseController.php(126): require(\'D:\\\\www\\\\www.7724...\')
#9 D:\\www\\www.7724yx.com\\framework\\web\\CBaseController.php(95): CBaseController->renderInternal(\'D:\\\\www\\\\www.7724...\', NULL, true)
#10 D:\\www\\www.7724yx.com\\framework\\web\\CController.php(869): CBaseController->renderFile(\'D:\\\\www\\\\www.7724...\', NULL, true)
#11 D:\\www\\www.7724yx.com\\framework\\web\\CController.php(782): CController->renderPartial(\'index\', NULL, true)
#12 D:\\www\\www.7724yx.com\\protected\\modules\\pc\\controllers\\IndexController.php(16): CController->render(\'index\')
#13 D:\\www\\www.7724yx.com\\framework\\web\\actions\\CInlineAction.php(49): IndexController->actionIndex()
#14 D:\\www\\www.7724yx.com\\framework\\web\\CController.php(308): CInlineAction->runWithParams(Array)
#15 D:\\www\\www.7724yx.com\\framework\\web\\CController.php(286): CController->runAction(Object(CInlineAction))
#16 D:\\www\\www.7724yx.com\\framework\\web\\CController.php(265): CController->runActionWithFilters(Object(CInlineAction), NULL)
#17 D:\\www\\www.7724yx.com\\framework\\web\\CWebApplication.php(282): CController->run(\'index\')
#18 D:\\www\\www.7724yx.com\\framework\\web\\CWebApplication.php(141): CWebApplication->runController(\'pc/index/index\')
#19 D:\\www\\www.7724yx.com\\framework\\base\\CApplication.php(184): CWebApplication->processRequest()
#20 D:\\www\\www.7724yx.com\\index.php(48): CApplication->run()
#21 {main}',
)
*************************************
时间：2018-04-11 12:33:41
array (
  0 => 'SELECT atl.id,atl.type,atl.title,atl.descript,atl.gameid,g.pinyin 
			FROM position pt inner join article atl on pt.game_id=atl.id
			left join game g on atl.gameid=g.game_id WHERE pt.cat_id=\'13\' 
			and pt.status=\'1\' and atl.status>=1  ORDER BY pt.sorts DESC,pt.id DESC   LIMIT 2 ',
  1 => 'CDbConnection failed to open the DB connection: SQLSTATE[HY000] [1045] Access denied for user \'root\'@\'localhost\' (using password: YES)',
  2 => '#0 D:\\www\\www.7724yx.com\\framework\\db\\CDbConnection.php(347): CDbConnection->open()
#1 D:\\www\\www.7724yx.com\\framework\\db\\CDbConnection.php(325): CDbConnection->setActive(true)
#2 D:\\www\\www.7724yx.com\\framework\\base\\CModule.php(394): CDbConnection->init()
#3 D:\\www\\www.7724yx.com\\framework\\base\\CModule.php(103): CModule->getComponent(\'db\')
#4 D:\\www\\www.7724yx.com\\protected\\components\\DBHelper.php(39): CModule->__get(\'db\')
#5 D:\\www\\www.7724yx.com\\protected\\components\\DBHelper.php(13): DBHelper::bindParam(\'SELECT atl.id,a...\', Array)
#6 D:\\www\\www.7724yx.com\\protected\\modules\\pc\\components\\Pc_PositionBll.php(73): DBHelper::queryAll(\'SELECT atl.id,a...\')
#7 D:\\www\\www.7724yx.com\\protected\\modules\\pc\\views\\index\\index.php(256): Pc_PositionBll::getRecommendArticle(13, 2)
#8 D:\\www\\www.7724yx.com\\framework\\web\\CBaseController.php(126): require(\'D:\\\\www\\\\www.7724...\')
#9 D:\\www\\www.7724yx.com\\framework\\web\\CBaseController.php(95): CBaseController->renderInternal(\'D:\\\\www\\\\www.7724...\', NULL, true)
#10 D:\\www\\www.7724yx.com\\framework\\web\\CController.php(869): CBaseController->renderFile(\'D:\\\\www\\\\www.7724...\', NULL, true)
#11 D:\\www\\www.7724yx.com\\framework\\web\\CController.php(782): CController->renderPartial(\'index\', NULL, true)
#12 D:\\www\\www.7724yx.com\\protected\\modules\\pc\\controllers\\IndexController.php(16): CController->render(\'index\')
#13 D:\\www\\www.7724yx.com\\framework\\web\\actions\\CInlineAction.php(49): IndexController->actionIndex()
#14 D:\\www\\www.7724yx.com\\framework\\web\\CController.php(308): CInlineAction->runWithParams(Array)
#15 D:\\www\\www.7724yx.com\\framework\\web\\CController.php(286): CController->runAction(Object(CInlineAction))
#16 D:\\www\\www.7724yx.com\\framework\\web\\CController.php(265): CController->runActionWithFilters(Object(CInlineAction), NULL)
#17 D:\\www\\www.7724yx.com\\framework\\web\\CWebApplication.php(282): CController->run(\'index\')
#18 D:\\www\\www.7724yx.com\\framework\\web\\CWebApplication.php(141): CWebApplication->runController(\'pc/index/index\')
#19 D:\\www\\www.7724yx.com\\framework\\base\\CApplication.php(184): CWebApplication->processRequest()
#20 D:\\www\\www.7724yx.com\\index.php(48): CApplication->run()
#21 {main}',
)
*************************************
时间：2018-04-11 14:04:08
array (
  0 => 'SELECT t1.game_id,t2.*,\'\' as type_names
		FROM position t1 LEFT JOIN game t2 ON t1.game_id=t2.game_id
		WHERE t1.cat_id=\'3\' AND t2.status=3 
		and t1.game_id not in(2202,2831,2548,2765,2218,2763,2417,1853,983,214,119,1588,1782)
		 ORDER BY t1.sorts DESC,t1.id DESC  
		 LIMIT 0,12 ',
  1 => 'CDbConnection failed to open the DB connection: SQLSTATE[HY000] [1045] Access denied for user \'root\'@\'localhost\' (using password: YES)',
  2 => '#0 D:\\www\\www.7724yx.com\\framework\\db\\CDbConnection.php(347): CDbConnection->open()
#1 D:\\www\\www.7724yx.com\\framework\\db\\CDbConnection.php(325): CDbConnection->setActive(true)
#2 D:\\www\\www.7724yx.com\\framework\\base\\CModule.php(394): CDbConnection->init()
#3 D:\\www\\www.7724yx.com\\framework\\base\\CModule.php(103): CModule->getComponent(\'db\')
#4 D:\\www\\www.7724yx.com\\protected\\components\\DBHelper.php(39): CModule->__get(\'db\')
#5 D:\\www\\www.7724yx.com\\protected\\components\\DBHelper.php(13): DBHelper::bindParam(\'SELECT t1.game_...\', Array)
#6 D:\\www\\www.7724yx.com\\protected\\modules\\pc\\components\\Pc_PositionBll.php(45): DBHelper::queryAll(\'SELECT t1.game_...\')
#7 D:\\www\\www.7724yx.com\\protected\\modules\\pc\\views\\index\\index.php(80): Pc_PositionBll::getRecommendGame(12)
#8 D:\\www\\www.7724yx.com\\framework\\web\\CBaseController.php(126): require(\'D:\\\\www\\\\www.7724...\')
#9 D:\\www\\www.7724yx.com\\framework\\web\\CBaseController.php(95): CBaseController->renderInternal(\'D:\\\\www\\\\www.7724...\', NULL, true)
#10 D:\\www\\www.7724yx.com\\framework\\web\\CController.php(869): CBaseController->renderFile(\'D:\\\\www\\\\www.7724...\', NULL, true)
#11 D:\\www\\www.7724yx.com\\framework\\web\\CController.php(782): CController->renderPartial(\'index\', NULL, true)
#12 D:\\www\\www.7724yx.com\\protected\\modules\\pc\\controllers\\IndexController.php(16): CController->render(\'index\')
#13 D:\\www\\www.7724yx.com\\framework\\web\\actions\\CInlineAction.php(49): IndexController->actionIndex()
#14 D:\\www\\www.7724yx.com\\framework\\web\\CController.php(308): CInlineAction->runWithParams(Array)
#15 D:\\www\\www.7724yx.com\\framework\\web\\CController.php(286): CController->runAction(Object(CInlineAction))
#16 D:\\www\\www.7724yx.com\\framework\\web\\CController.php(265): CController->runActionWithFilters(Object(CInlineAction), NULL)
#17 D:\\www\\www.7724yx.com\\framework\\web\\CWebApplication.php(282): CController->run(\'index\')
#18 D:\\www\\www.7724yx.com\\framework\\web\\CWebApplication.php(141): CWebApplication->runController(\'pc/index/index\')
#19 D:\\www\\www.7724yx.com\\framework\\base\\CApplication.php(184): CWebApplication->processRequest()
#20 D:\\www\\www.7724yx.com\\index.php(48): CApplication->run()
#21 {main}',
)
*************************************
时间：2018-04-11 14:04:10
array (
  0 => 'SELECT * FROM game_types ',
  1 => 'CDbConnection failed to open the DB connection: SQLSTATE[HY000] [1045] Access denied for user \'root\'@\'localhost\' (using password: YES)',
  2 => '#0 D:\\www\\www.7724yx.com\\framework\\db\\CDbConnection.php(347): CDbConnection->open()
#1 D:\\www\\www.7724yx.com\\framework\\db\\CDbConnection.php(325): CDbConnection->setActive(true)
#2 D:\\www\\www.7724yx.com\\framework\\base\\CModule.php(394): CDbConnection->init()
#3 D:\\www\\www.7724yx.com\\framework\\base\\CModule.php(103): CModule->getComponent(\'db\')
#4 D:\\www\\www.7724yx.com\\protected\\components\\DBHelper.php(39): CModule->__get(\'db\')
#5 D:\\www\\www.7724yx.com\\protected\\components\\DBHelper.php(13): DBHelper::bindParam(\'SELECT * FROM g...\', Array)
#6 D:\\www\\www.7724yx.com\\protected\\modules\\pc\\components\\Pc_GameBll.php(129): DBHelper::queryAll(\'SELECT * FROM g...\')
#7 D:\\www\\www.7724yx.com\\protected\\modules\\pc\\components\\Pc_PositionBll.php(48): Pc_GameBll::getAllType(1)
#8 D:\\www\\www.7724yx.com\\protected\\modules\\pc\\views\\index\\index.php(80): Pc_PositionBll::getRecommendGame(12)
#9 D:\\www\\www.7724yx.com\\framework\\web\\CBaseController.php(126): require(\'D:\\\\www\\\\www.7724...\')
#10 D:\\www\\www.7724yx.com\\framework\\web\\CBaseController.php(95): CBaseController->renderInternal(\'D:\\\\www\\\\www.7724...\', NULL, true)
#11 D:\\www\\www.7724yx.com\\framework\\web\\CController.php(869): CBaseController->renderFile(\'D:\\\\www\\\\www.7724...\', NULL, true)
#12 D:\\www\\www.7724yx.com\\framework\\web\\CController.php(782): CController->renderPartial(\'index\', NULL, true)
#13 D:\\www\\www.7724yx.com\\protected\\modules\\pc\\controllers\\IndexController.php(16): CController->render(\'index\')
#14 D:\\www\\www.7724yx.com\\framework\\web\\actions\\CInlineAction.php(49): IndexController->actionIndex()
#15 D:\\www\\www.7724yx.com\\framework\\web\\CController.php(308): CInlineAction->runWithParams(Array)
#16 D:\\www\\www.7724yx.com\\framework\\web\\CController.php(286): CController->runAction(Object(CInlineAction))
#17 D:\\www\\www.7724yx.com\\framework\\web\\CController.php(265): CController->runActionWithFilters(Object(CInlineAction), NULL)
#18 D:\\www\\www.7724yx.com\\framework\\web\\CWebApplication.php(282): CController->run(\'index\')
#19 D:\\www\\www.7724yx.com\\framework\\web\\CWebApplication.php(141): CWebApplication->runController(\'pc/index/index\')
#20 D:\\www\\www.7724yx.com\\framework\\base\\CApplication.php(184): CWebApplication->processRequest()
#21 D:\\www\\www.7724yx.com\\index.php(48): CApplication->run()
#22 {main}',
)
*************************************
时间：2018-04-11 14:04:11
array (
  0 => 'SELECT \'1\' as dj_flag,gm.game_id,gm.pinyin,gm.game_logo,gm.game_name, 
					gm.status,gm.game_url,
					gm.star_level,gm.game_visits,gm.rand_visits,gm.game_type ,\'\' as type_names 
					FROM game_play_record gpr , game gm WHERE gpr.game_id=gm.game_id 
					order by gpr.order_desc desc,gpr.create_time desc limit 12 ',
  1 => 'CDbConnection failed to open the DB connection: SQLSTATE[HY000] [1045] Access denied for user \'root\'@\'localhost\' (using password: YES)',
  2 => '#0 D:\\www\\www.7724yx.com\\framework\\db\\CDbConnection.php(347): CDbConnection->open()
#1 D:\\www\\www.7724yx.com\\framework\\db\\CDbConnection.php(325): CDbConnection->setActive(true)
#2 D:\\www\\www.7724yx.com\\framework\\base\\CModule.php(394): CDbConnection->init()
#3 D:\\www\\www.7724yx.com\\framework\\base\\CModule.php(103): CModule->getComponent(\'db\')
#4 D:\\www\\www.7724yx.com\\protected\\components\\DBHelper.php(39): CModule->__get(\'db\')
#5 D:\\www\\www.7724yx.com\\protected\\components\\DBHelper.php(13): DBHelper::bindParam(\'SELECT \'1\' as d...\', Array)
#6 D:\\www\\www.7724yx.com\\protected\\modules\\pc\\components\\Pc_UserBll.php(135): DBHelper::queryAll(\'SELECT \'1\' as d...\')
#7 D:\\www\\www.7724yx.com\\protected\\modules\\pc\\views\\index\\index.php(124): Pc_UserBll::getUserPlayRecord(12)
#8 D:\\www\\www.7724yx.com\\framework\\web\\CBaseController.php(126): require(\'D:\\\\www\\\\www.7724...\')
#9 D:\\www\\www.7724yx.com\\framework\\web\\CBaseController.php(95): CBaseController->renderInternal(\'D:\\\\www\\\\www.7724...\', NULL, true)
#10 D:\\www\\www.7724yx.com\\framework\\web\\CController.php(869): CBaseController->renderFile(\'D:\\\\www\\\\www.7724...\', NULL, true)
#11 D:\\www\\www.7724yx.com\\framework\\web\\CController.php(782): CController->renderPartial(\'index\', NULL, true)
#12 D:\\www\\www.7724yx.com\\protected\\modules\\pc\\controllers\\IndexController.php(16): CController->render(\'index\')
#13 D:\\www\\www.7724yx.com\\framework\\web\\actions\\CInlineAction.php(49): IndexController->actionIndex()
#14 D:\\www\\www.7724yx.com\\framework\\web\\CController.php(308): CInlineAction->runWithParams(Array)
#15 D:\\www\\www.7724yx.com\\framework\\web\\CController.php(286): CController->runAction(Object(CInlineAction))
#16 D:\\www\\www.7724yx.com\\framework\\web\\CController.php(265): CController->runActionWithFilters(Object(CInlineAction), NULL)
#17 D:\\www\\www.7724yx.com\\framework\\web\\CWebApplication.php(282): CController->run(\'index\')
#18 D:\\www\\www.7724yx.com\\framework\\web\\CWebApplication.php(141): CWebApplication->runController(\'pc/index/index\')
#19 D:\\www\\www.7724yx.com\\framework\\base\\CApplication.php(184): CWebApplication->processRequest()
#20 D:\\www\\www.7724yx.com\\index.php(48): CApplication->run()
#21 {main}',
)
*************************************
时间：2018-04-11 14:04:12
array (
  0 => 'SELECT * FROM game_types ',
  1 => 'CDbConnection failed to open the DB connection: SQLSTATE[HY000] [1045] Access denied for user \'root\'@\'localhost\' (using password: YES)',
  2 => '#0 D:\\www\\www.7724yx.com\\framework\\db\\CDbConnection.php(347): CDbConnection->open()
#1 D:\\www\\www.7724yx.com\\framework\\db\\CDbConnection.php(325): CDbConnection->setActive(true)
#2 D:\\www\\www.7724yx.com\\framework\\base\\CModule.php(394): CDbConnection->init()
#3 D:\\www\\www.7724yx.com\\framework\\base\\CModule.php(103): CModule->getComponent(\'db\')
#4 D:\\www\\www.7724yx.com\\protected\\components\\DBHelper.php(39): CModule->__get(\'db\')
#5 D:\\www\\www.7724yx.com\\protected\\components\\DBHelper.php(13): DBHelper::bindParam(\'SELECT * FROM g...\', Array)
#6 D:\\www\\www.7724yx.com\\protected\\modules\\pc\\components\\Pc_GameBll.php(129): DBHelper::queryAll(\'SELECT * FROM g...\')
#7 D:\\www\\www.7724yx.com\\protected\\modules\\pc\\components\\Pc_UserBll.php(167): Pc_GameBll::getAllType(1)
#8 D:\\www\\www.7724yx.com\\protected\\modules\\pc\\views\\index\\index.php(124): Pc_UserBll::getUserPlayRecord(12)
#9 D:\\www\\www.7724yx.com\\framework\\web\\CBaseController.php(126): require(\'D:\\\\www\\\\www.7724...\')
#10 D:\\www\\www.7724yx.com\\framework\\web\\CBaseController.php(95): CBaseController->renderInternal(\'D:\\\\www\\\\www.7724...\', NULL, true)
#11 D:\\www\\www.7724yx.com\\framework\\web\\CController.php(869): CBaseController->renderFile(\'D:\\\\www\\\\www.7724...\', NULL, true)
#12 D:\\www\\www.7724yx.com\\framework\\web\\CController.php(782): CController->renderPartial(\'index\', NULL, true)
#13 D:\\www\\www.7724yx.com\\protected\\modules\\pc\\controllers\\IndexController.php(16): CController->render(\'index\')
#14 D:\\www\\www.7724yx.com\\framework\\web\\actions\\CInlineAction.php(49): IndexController->actionIndex()
#15 D:\\www\\www.7724yx.com\\framework\\web\\CController.php(308): CInlineAction->runWithParams(Array)
#16 D:\\www\\www.7724yx.com\\framework\\web\\CController.php(286): CController->runAction(Object(CInlineAction))
#17 D:\\www\\www.7724yx.com\\framework\\web\\CController.php(265): CController->runActionWithFilters(Object(CInlineAction), NULL)
#18 D:\\www\\www.7724yx.com\\framework\\web\\CWebApplication.php(282): CController->run(\'index\')
#19 D:\\www\\www.7724yx.com\\framework\\web\\CWebApplication.php(141): CWebApplication->runController(\'pc/index/index\')
#20 D:\\www\\www.7724yx.com\\framework\\base\\CApplication.php(184): CWebApplication->processRequest()
#21 D:\\www\\www.7724yx.com\\index.php(48): CApplication->run()
#22 {main}',
)
*************************************
时间：2018-04-11 14:04:13
array (
  0 => 'SELECT * FROM game  WHERE status=3 
				and game_id not in(2202,2831,2548,2765,2218,2763,2417,1853,983,214,119,1588,1782)
				  order by time DESC ,game_id DESC   LIMIT 12 ',
  1 => 'CDbConnection failed to open the DB connection: SQLSTATE[HY000] [1045] Access denied for user \'root\'@\'localhost\' (using password: YES)',
  2 => '#0 D:\\www\\www.7724yx.com\\framework\\db\\CDbConnection.php(347): CDbConnection->open()
#1 D:\\www\\www.7724yx.com\\framework\\db\\CDbConnection.php(325): CDbConnection->setActive(true)
#2 D:\\www\\www.7724yx.com\\framework\\base\\CModule.php(394): CDbConnection->init()
#3 D:\\www\\www.7724yx.com\\framework\\base\\CModule.php(103): CModule->getComponent(\'db\')
#4 D:\\www\\www.7724yx.com\\protected\\components\\DBHelper.php(39): CModule->__get(\'db\')
#5 D:\\www\\www.7724yx.com\\protected\\components\\DBHelper.php(13): DBHelper::bindParam(\'SELECT * FROM g...\', Array)
#6 D:\\www\\www.7724yx.com\\protected\\modules\\pc\\components\\Pc_GameBll.php(103): DBHelper::queryAll(\'SELECT * FROM g...\')
#7 D:\\www\\www.7724yx.com\\protected\\modules\\pc\\views\\index\\index.php(219): Pc_GameBll::getNewGames(12)
#8 D:\\www\\www.7724yx.com\\framework\\web\\CBaseController.php(126): require(\'D:\\\\www\\\\www.7724...\')
#9 D:\\www\\www.7724yx.com\\framework\\web\\CBaseController.php(95): CBaseController->renderInternal(\'D:\\\\www\\\\www.7724...\', NULL, true)
#10 D:\\www\\www.7724yx.com\\framework\\web\\CController.php(869): CBaseController->renderFile(\'D:\\\\www\\\\www.7724...\', NULL, true)
#11 D:\\www\\www.7724yx.com\\framework\\web\\CController.php(782): CController->renderPartial(\'index\', NULL, true)
#12 D:\\www\\www.7724yx.com\\protected\\modules\\pc\\controllers\\IndexController.php(16): CController->render(\'index\')
#13 D:\\www\\www.7724yx.com\\framework\\web\\actions\\CInlineAction.php(49): IndexController->actionIndex()
#14 D:\\www\\www.7724yx.com\\framework\\web\\CController.php(308): CInlineAction->runWithParams(Array)
#15 D:\\www\\www.7724yx.com\\framework\\web\\CController.php(286): CController->runAction(Object(CInlineAction))
#16 D:\\www\\www.7724yx.com\\framework\\web\\CController.php(265): CController->runActionWithFilters(Object(CInlineAction), NULL)
#17 D:\\www\\www.7724yx.com\\framework\\web\\CWebApplication.php(282): CController->run(\'index\')
#18 D:\\www\\www.7724yx.com\\framework\\web\\CWebApplication.php(141): CWebApplication->runController(\'pc/index/index\')
#19 D:\\www\\www.7724yx.com\\framework\\base\\CApplication.php(184): CWebApplication->processRequest()
#20 D:\\www\\www.7724yx.com\\index.php(48): CApplication->run()
#21 {main}',
)
*************************************
时间：2018-04-11 14:04:14
array (
  0 => 'SELECT atl.id,atl.type,atl.title,atl.descript,atl.gameid,g.pinyin 
			FROM position pt inner join article atl on pt.game_id=atl.id
			left join game g on atl.gameid=g.game_id WHERE pt.cat_id=\'13\' 
			and pt.status=\'1\' and atl.status>=1  ORDER BY pt.sorts DESC,pt.id DESC   LIMIT 2 ',
  1 => 'CDbConnection failed to open the DB connection: SQLSTATE[HY000] [1045] Access denied for user \'root\'@\'localhost\' (using password: YES)',
  2 => '#0 D:\\www\\www.7724yx.com\\framework\\db\\CDbConnection.php(347): CDbConnection->open()
#1 D:\\www\\www.7724yx.com\\framework\\db\\CDbConnection.php(325): CDbConnection->setActive(true)
#2 D:\\www\\www.7724yx.com\\framework\\base\\CModule.php(394): CDbConnection->init()
#3 D:\\www\\www.7724yx.com\\framework\\base\\CModule.php(103): CModule->getComponent(\'db\')
#4 D:\\www\\www.7724yx.com\\protected\\components\\DBHelper.php(39): CModule->__get(\'db\')
#5 D:\\www\\www.7724yx.com\\protected\\components\\DBHelper.php(13): DBHelper::bindParam(\'SELECT atl.id,a...\', Array)
#6 D:\\www\\www.7724yx.com\\protected\\modules\\pc\\components\\Pc_PositionBll.php(73): DBHelper::queryAll(\'SELECT atl.id,a...\')
#7 D:\\www\\www.7724yx.com\\protected\\modules\\pc\\views\\index\\index.php(256): Pc_PositionBll::getRecommendArticle(13, 2)
#8 D:\\www\\www.7724yx.com\\framework\\web\\CBaseController.php(126): require(\'D:\\\\www\\\\www.7724...\')
#9 D:\\www\\www.7724yx.com\\framework\\web\\CBaseController.php(95): CBaseController->renderInternal(\'D:\\\\www\\\\www.7724...\', NULL, true)
#10 D:\\www\\www.7724yx.com\\framework\\web\\CController.php(869): CBaseController->renderFile(\'D:\\\\www\\\\www.7724...\', NULL, true)
#11 D:\\www\\www.7724yx.com\\framework\\web\\CController.php(782): CController->renderPartial(\'index\', NULL, true)
#12 D:\\www\\www.7724yx.com\\protected\\modules\\pc\\controllers\\IndexController.php(16): CController->render(\'index\')
#13 D:\\www\\www.7724yx.com\\framework\\web\\actions\\CInlineAction.php(49): IndexController->actionIndex()
#14 D:\\www\\www.7724yx.com\\framework\\web\\CController.php(308): CInlineAction->runWithParams(Array)
#15 D:\\www\\www.7724yx.com\\framework\\web\\CController.php(286): CController->runAction(Object(CInlineAction))
#16 D:\\www\\www.7724yx.com\\framework\\web\\CController.php(265): CController->runActionWithFilters(Object(CInlineAction), NULL)
#17 D:\\www\\www.7724yx.com\\framework\\web\\CWebApplication.php(282): CController->run(\'index\')
#18 D:\\www\\www.7724yx.com\\framework\\web\\CWebApplication.php(141): CWebApplication->runController(\'pc/index/index\')
#19 D:\\www\\www.7724yx.com\\framework\\base\\CApplication.php(184): CWebApplication->processRequest()
#20 D:\\www\\www.7724yx.com\\index.php(48): CApplication->run()
#21 {main}',
)
*************************************
时间：2018-04-11 14:04:51
array (
  0 => 'SELECT t1.game_id,t2.*,\'\' as type_names
		FROM position t1 LEFT JOIN game t2 ON t1.game_id=t2.game_id
		WHERE t1.cat_id=\'3\' AND t2.status=3 
		and t1.game_id not in(2202,2831,2548,2765,2218,2763,2417,1853,983,214,119,1588,1782)
		 ORDER BY t1.sorts DESC,t1.id DESC  
		 LIMIT 0,12 ',
  1 => 'CDbConnection failed to open the DB connection: SQLSTATE[HY000] [1045] Access denied for user \'root\'@\'localhost\' (using password: YES)',
  2 => '#0 D:\\www\\www.7724yx.com\\framework\\db\\CDbConnection.php(347): CDbConnection->open()
#1 D:\\www\\www.7724yx.com\\framework\\db\\CDbConnection.php(325): CDbConnection->setActive(true)
#2 D:\\www\\www.7724yx.com\\framework\\base\\CModule.php(394): CDbConnection->init()
#3 D:\\www\\www.7724yx.com\\framework\\base\\CModule.php(103): CModule->getComponent(\'db\')
#4 D:\\www\\www.7724yx.com\\protected\\components\\DBHelper.php(39): CModule->__get(\'db\')
#5 D:\\www\\www.7724yx.com\\protected\\components\\DBHelper.php(13): DBHelper::bindParam(\'SELECT t1.game_...\', Array)
#6 D:\\www\\www.7724yx.com\\protected\\modules\\pc\\components\\Pc_PositionBll.php(45): DBHelper::queryAll(\'SELECT t1.game_...\')
#7 D:\\www\\www.7724yx.com\\protected\\modules\\pc\\views\\index\\index.php(80): Pc_PositionBll::getRecommendGame(12)
#8 D:\\www\\www.7724yx.com\\framework\\web\\CBaseController.php(126): require(\'D:\\\\www\\\\www.7724...\')
#9 D:\\www\\www.7724yx.com\\framework\\web\\CBaseController.php(95): CBaseController->renderInternal(\'D:\\\\www\\\\www.7724...\', NULL, true)
#10 D:\\www\\www.7724yx.com\\framework\\web\\CController.php(869): CBaseController->renderFile(\'D:\\\\www\\\\www.7724...\', NULL, true)
#11 D:\\www\\www.7724yx.com\\framework\\web\\CController.php(782): CController->renderPartial(\'index\', NULL, true)
#12 D:\\www\\www.7724yx.com\\protected\\modules\\pc\\controllers\\IndexController.php(16): CController->render(\'index\')
#13 D:\\www\\www.7724yx.com\\framework\\web\\actions\\CInlineAction.php(49): IndexController->actionIndex()
#14 D:\\www\\www.7724yx.com\\framework\\web\\CController.php(308): CInlineAction->runWithParams(Array)
#15 D:\\www\\www.7724yx.com\\framework\\web\\CController.php(286): CController->runAction(Object(CInlineAction))
#16 D:\\www\\www.7724yx.com\\framework\\web\\CController.php(265): CController->runActionWithFilters(Object(CInlineAction), NULL)
#17 D:\\www\\www.7724yx.com\\framework\\web\\CWebApplication.php(282): CController->run(\'index\')
#18 D:\\www\\www.7724yx.com\\framework\\web\\CWebApplication.php(141): CWebApplication->runController(\'pc/index/index\')
#19 D:\\www\\www.7724yx.com\\framework\\base\\CApplication.php(184): CWebApplication->processRequest()
#20 D:\\www\\www.7724yx.com\\index.php(48): CApplication->run()
#21 {main}',
)
*************************************
时间：2018-04-11 14:04:52
array (
  0 => 'SELECT * FROM game_types ',
  1 => 'CDbConnection failed to open the DB connection: SQLSTATE[HY000] [1045] Access denied for user \'root\'@\'localhost\' (using password: YES)',
  2 => '#0 D:\\www\\www.7724yx.com\\framework\\db\\CDbConnection.php(347): CDbConnection->open()
#1 D:\\www\\www.7724yx.com\\framework\\db\\CDbConnection.php(325): CDbConnection->setActive(true)
#2 D:\\www\\www.7724yx.com\\framework\\base\\CModule.php(394): CDbConnection->init()
#3 D:\\www\\www.7724yx.com\\framework\\base\\CModule.php(103): CModule->getComponent(\'db\')
#4 D:\\www\\www.7724yx.com\\protected\\components\\DBHelper.php(39): CModule->__get(\'db\')
#5 D:\\www\\www.7724yx.com\\protected\\components\\DBHelper.php(13): DBHelper::bindParam(\'SELECT * FROM g...\', Array)
#6 D:\\www\\www.7724yx.com\\protected\\modules\\pc\\components\\Pc_GameBll.php(129): DBHelper::queryAll(\'SELECT * FROM g...\')
#7 D:\\www\\www.7724yx.com\\protected\\modules\\pc\\components\\Pc_PositionBll.php(48): Pc_GameBll::getAllType(1)
#8 D:\\www\\www.7724yx.com\\protected\\modules\\pc\\views\\index\\index.php(80): Pc_PositionBll::getRecommendGame(12)
#9 D:\\www\\www.7724yx.com\\framework\\web\\CBaseController.php(126): require(\'D:\\\\www\\\\www.7724...\')
#10 D:\\www\\www.7724yx.com\\framework\\web\\CBaseController.php(95): CBaseController->renderInternal(\'D:\\\\www\\\\www.7724...\', NULL, true)
#11 D:\\www\\www.7724yx.com\\framework\\web\\CController.php(869): CBaseController->renderFile(\'D:\\\\www\\\\www.7724...\', NULL, true)
#12 D:\\www\\www.7724yx.com\\framework\\web\\CController.php(782): CController->renderPartial(\'index\', NULL, true)
#13 D:\\www\\www.7724yx.com\\protected\\modules\\pc\\controllers\\IndexController.php(16): CController->render(\'index\')
#14 D:\\www\\www.7724yx.com\\framework\\web\\actions\\CInlineAction.php(49): IndexController->actionIndex()
#15 D:\\www\\www.7724yx.com\\framework\\web\\CController.php(308): CInlineAction->runWithParams(Array)
#16 D:\\www\\www.7724yx.com\\framework\\web\\CController.php(286): CController->runAction(Object(CInlineAction))
#17 D:\\www\\www.7724yx.com\\framework\\web\\CController.php(265): CController->runActionWithFilters(Object(CInlineAction), NULL)
#18 D:\\www\\www.7724yx.com\\framework\\web\\CWebApplication.php(282): CController->run(\'index\')
#19 D:\\www\\www.7724yx.com\\framework\\web\\CWebApplication.php(141): CWebApplication->runController(\'pc/index/index\')
#20 D:\\www\\www.7724yx.com\\framework\\base\\CApplication.php(184): CWebApplication->processRequest()
#21 D:\\www\\www.7724yx.com\\index.php(48): CApplication->run()
#22 {main}',
)
*************************************
时间：2018-04-11 14:04:53
array (
  0 => 'SELECT \'1\' as dj_flag,gm.game_id,gm.pinyin,gm.game_logo,gm.game_name, 
					gm.status,gm.game_url,
					gm.star_level,gm.game_visits,gm.rand_visits,gm.game_type ,\'\' as type_names 
					FROM game_play_record gpr , game gm WHERE gpr.game_id=gm.game_id 
					order by gpr.order_desc desc,gpr.create_time desc limit 12 ',
  1 => 'CDbConnection failed to open the DB connection: SQLSTATE[HY000] [1045] Access denied for user \'root\'@\'localhost\' (using password: YES)',
  2 => '#0 D:\\www\\www.7724yx.com\\framework\\db\\CDbConnection.php(347): CDbConnection->open()
#1 D:\\www\\www.7724yx.com\\framework\\db\\CDbConnection.php(325): CDbConnection->setActive(true)
#2 D:\\www\\www.7724yx.com\\framework\\base\\CModule.php(394): CDbConnection->init()
#3 D:\\www\\www.7724yx.com\\framework\\base\\CModule.php(103): CModule->getComponent(\'db\')
#4 D:\\www\\www.7724yx.com\\protected\\components\\DBHelper.php(39): CModule->__get(\'db\')
#5 D:\\www\\www.7724yx.com\\protected\\components\\DBHelper.php(13): DBHelper::bindParam(\'SELECT \'1\' as d...\', Array)
#6 D:\\www\\www.7724yx.com\\protected\\modules\\pc\\components\\Pc_UserBll.php(135): DBHelper::queryAll(\'SELECT \'1\' as d...\')
#7 D:\\www\\www.7724yx.com\\protected\\modules\\pc\\views\\index\\index.php(124): Pc_UserBll::getUserPlayRecord(12)
#8 D:\\www\\www.7724yx.com\\framework\\web\\CBaseController.php(126): require(\'D:\\\\www\\\\www.7724...\')
#9 D:\\www\\www.7724yx.com\\framework\\web\\CBaseController.php(95): CBaseController->renderInternal(\'D:\\\\www\\\\www.7724...\', NULL, true)
#10 D:\\www\\www.7724yx.com\\framework\\web\\CController.php(869): CBaseController->renderFile(\'D:\\\\www\\\\www.7724...\', NULL, true)
#11 D:\\www\\www.7724yx.com\\framework\\web\\CController.php(782): CController->renderPartial(\'index\', NULL, true)
#12 D:\\www\\www.7724yx.com\\protected\\modules\\pc\\controllers\\IndexController.php(16): CController->render(\'index\')
#13 D:\\www\\www.7724yx.com\\framework\\web\\actions\\CInlineAction.php(49): IndexController->actionIndex()
#14 D:\\www\\www.7724yx.com\\framework\\web\\CController.php(308): CInlineAction->runWithParams(Array)
#15 D:\\www\\www.7724yx.com\\framework\\web\\CController.php(286): CController->runAction(Object(CInlineAction))
#16 D:\\www\\www.7724yx.com\\framework\\web\\CController.php(265): CController->runActionWithFilters(Object(CInlineAction), NULL)
#17 D:\\www\\www.7724yx.com\\framework\\web\\CWebApplication.php(282): CController->run(\'index\')
#18 D:\\www\\www.7724yx.com\\framework\\web\\CWebApplication.php(141): CWebApplication->runController(\'pc/index/index\')
#19 D:\\www\\www.7724yx.com\\framework\\base\\CApplication.php(184): CWebApplication->processRequest()
#20 D:\\www\\www.7724yx.com\\index.php(48): CApplication->run()
#21 {main}',
)
*************************************
时间：2018-04-11 14:04:54
array (
  0 => 'SELECT * FROM game_types ',
  1 => 'CDbConnection failed to open the DB connection: SQLSTATE[HY000] [1045] Access denied for user \'root\'@\'localhost\' (using password: YES)',
  2 => '#0 D:\\www\\www.7724yx.com\\framework\\db\\CDbConnection.php(347): CDbConnection->open()
#1 D:\\www\\www.7724yx.com\\framework\\db\\CDbConnection.php(325): CDbConnection->setActive(true)
#2 D:\\www\\www.7724yx.com\\framework\\base\\CModule.php(394): CDbConnection->init()
#3 D:\\www\\www.7724yx.com\\framework\\base\\CModule.php(103): CModule->getComponent(\'db\')
#4 D:\\www\\www.7724yx.com\\protected\\components\\DBHelper.php(39): CModule->__get(\'db\')
#5 D:\\www\\www.7724yx.com\\protected\\components\\DBHelper.php(13): DBHelper::bindParam(\'SELECT * FROM g...\', Array)
#6 D:\\www\\www.7724yx.com\\protected\\modules\\pc\\components\\Pc_GameBll.php(129): DBHelper::queryAll(\'SELECT * FROM g...\')
#7 D:\\www\\www.7724yx.com\\protected\\modules\\pc\\components\\Pc_UserBll.php(167): Pc_GameBll::getAllType(1)
#8 D:\\www\\www.7724yx.com\\protected\\modules\\pc\\views\\index\\index.php(124): Pc_UserBll::getUserPlayRecord(12)
#9 D:\\www\\www.7724yx.com\\framework\\web\\CBaseController.php(126): require(\'D:\\\\www\\\\www.7724...\')
#10 D:\\www\\www.7724yx.com\\framework\\web\\CBaseController.php(95): CBaseController->renderInternal(\'D:\\\\www\\\\www.7724...\', NULL, true)
#11 D:\\www\\www.7724yx.com\\framework\\web\\CController.php(869): CBaseController->renderFile(\'D:\\\\www\\\\www.7724...\', NULL, true)
#12 D:\\www\\www.7724yx.com\\framework\\web\\CController.php(782): CController->renderPartial(\'index\', NULL, true)
#13 D:\\www\\www.7724yx.com\\protected\\modules\\pc\\controllers\\IndexController.php(16): CController->render(\'index\')
#14 D:\\www\\www.7724yx.com\\framework\\web\\actions\\CInlineAction.php(49): IndexController->actionIndex()
#15 D:\\www\\www.7724yx.com\\framework\\web\\CController.php(308): CInlineAction->runWithParams(Array)
#16 D:\\www\\www.7724yx.com\\framework\\web\\CController.php(286): CController->runAction(Object(CInlineAction))
#17 D:\\www\\www.7724yx.com\\framework\\web\\CController.php(265): CController->runActionWithFilters(Object(CInlineAction), NULL)
#18 D:\\www\\www.7724yx.com\\framework\\web\\CWebApplication.php(282): CController->run(\'index\')
#19 D:\\www\\www.7724yx.com\\framework\\web\\CWebApplication.php(141): CWebApplication->runController(\'pc/index/index\')
#20 D:\\www\\www.7724yx.com\\framework\\base\\CApplication.php(184): CWebApplication->processRequest()
#21 D:\\www\\www.7724yx.com\\index.php(48): CApplication->run()
#22 {main}',
)
*************************************
时间：2018-04-11 14:04:55
array (
  0 => 'SELECT * FROM game  WHERE status=3 
				and game_id not in(2202,2831,2548,2765,2218,2763,2417,1853,983,214,119,1588,1782)
				  order by time DESC ,game_id DESC   LIMIT 12 ',
  1 => 'CDbConnection failed to open the DB connection: SQLSTATE[HY000] [1045] Access denied for user \'root\'@\'localhost\' (using password: YES)',
  2 => '#0 D:\\www\\www.7724yx.com\\framework\\db\\CDbConnection.php(347): CDbConnection->open()
#1 D:\\www\\www.7724yx.com\\framework\\db\\CDbConnection.php(325): CDbConnection->setActive(true)
#2 D:\\www\\www.7724yx.com\\framework\\base\\CModule.php(394): CDbConnection->init()
#3 D:\\www\\www.7724yx.com\\framework\\base\\CModule.php(103): CModule->getComponent(\'db\')
#4 D:\\www\\www.7724yx.com\\protected\\components\\DBHelper.php(39): CModule->__get(\'db\')
#5 D:\\www\\www.7724yx.com\\protected\\components\\DBHelper.php(13): DBHelper::bindParam(\'SELECT * FROM g...\', Array)
#6 D:\\www\\www.7724yx.com\\protected\\modules\\pc\\components\\Pc_GameBll.php(103): DBHelper::queryAll(\'SELECT * FROM g...\')
#7 D:\\www\\www.7724yx.com\\protected\\modules\\pc\\views\\index\\index.php(219): Pc_GameBll::getNewGames(12)
#8 D:\\www\\www.7724yx.com\\framework\\web\\CBaseController.php(126): require(\'D:\\\\www\\\\www.7724...\')
#9 D:\\www\\www.7724yx.com\\framework\\web\\CBaseController.php(95): CBaseController->renderInternal(\'D:\\\\www\\\\www.7724...\', NULL, true)
#10 D:\\www\\www.7724yx.com\\framework\\web\\CController.php(869): CBaseController->renderFile(\'D:\\\\www\\\\www.7724...\', NULL, true)
#11 D:\\www\\www.7724yx.com\\framework\\web\\CController.php(782): CController->renderPartial(\'index\', NULL, true)
#12 D:\\www\\www.7724yx.com\\protected\\modules\\pc\\controllers\\IndexController.php(16): CController->render(\'index\')
#13 D:\\www\\www.7724yx.com\\framework\\web\\actions\\CInlineAction.php(49): IndexController->actionIndex()
#14 D:\\www\\www.7724yx.com\\framework\\web\\CController.php(308): CInlineAction->runWithParams(Array)
#15 D:\\www\\www.7724yx.com\\framework\\web\\CController.php(286): CController->runAction(Object(CInlineAction))
#16 D:\\www\\www.7724yx.com\\framework\\web\\CController.php(265): CController->runActionWithFilters(Object(CInlineAction), NULL)
#17 D:\\www\\www.7724yx.com\\framework\\web\\CWebApplication.php(282): CController->run(\'index\')
#18 D:\\www\\www.7724yx.com\\framework\\web\\CWebApplication.php(141): CWebApplication->runController(\'pc/index/index\')
#19 D:\\www\\www.7724yx.com\\framework\\base\\CApplication.php(184): CWebApplication->processRequest()
#20 D:\\www\\www.7724yx.com\\index.php(48): CApplication->run()
#21 {main}',
)
*************************************
时间：2018-04-11 14:04:56
array (
  0 => 'SELECT atl.id,atl.type,atl.title,atl.descript,atl.gameid,g.pinyin 
			FROM position pt inner join article atl on pt.game_id=atl.id
			left join game g on atl.gameid=g.game_id WHERE pt.cat_id=\'13\' 
			and pt.status=\'1\' and atl.status>=1  ORDER BY pt.sorts DESC,pt.id DESC   LIMIT 2 ',
  1 => 'CDbConnection failed to open the DB connection: SQLSTATE[HY000] [1045] Access denied for user \'root\'@\'localhost\' (using password: YES)',
  2 => '#0 D:\\www\\www.7724yx.com\\framework\\db\\CDbConnection.php(347): CDbConnection->open()
#1 D:\\www\\www.7724yx.com\\framework\\db\\CDbConnection.php(325): CDbConnection->setActive(true)
#2 D:\\www\\www.7724yx.com\\framework\\base\\CModule.php(394): CDbConnection->init()
#3 D:\\www\\www.7724yx.com\\framework\\base\\CModule.php(103): CModule->getComponent(\'db\')
#4 D:\\www\\www.7724yx.com\\protected\\components\\DBHelper.php(39): CModule->__get(\'db\')
#5 D:\\www\\www.7724yx.com\\protected\\components\\DBHelper.php(13): DBHelper::bindParam(\'SELECT atl.id,a...\', Array)
#6 D:\\www\\www.7724yx.com\\protected\\modules\\pc\\components\\Pc_PositionBll.php(73): DBHelper::queryAll(\'SELECT atl.id,a...\')
#7 D:\\www\\www.7724yx.com\\protected\\modules\\pc\\views\\index\\index.php(256): Pc_PositionBll::getRecommendArticle(13, 2)
#8 D:\\www\\www.7724yx.com\\framework\\web\\CBaseController.php(126): require(\'D:\\\\www\\\\www.7724...\')
#9 D:\\www\\www.7724yx.com\\framework\\web\\CBaseController.php(95): CBaseController->renderInternal(\'D:\\\\www\\\\www.7724...\', NULL, true)
#10 D:\\www\\www.7724yx.com\\framework\\web\\CController.php(869): CBaseController->renderFile(\'D:\\\\www\\\\www.7724...\', NULL, true)
#11 D:\\www\\www.7724yx.com\\framework\\web\\CController.php(782): CController->renderPartial(\'index\', NULL, true)
#12 D:\\www\\www.7724yx.com\\protected\\modules\\pc\\controllers\\IndexController.php(16): CController->render(\'index\')
#13 D:\\www\\www.7724yx.com\\framework\\web\\actions\\CInlineAction.php(49): IndexController->actionIndex()
#14 D:\\www\\www.7724yx.com\\framework\\web\\CController.php(308): CInlineAction->runWithParams(Array)
#15 D:\\www\\www.7724yx.com\\framework\\web\\CController.php(286): CController->runAction(Object(CInlineAction))
#16 D:\\www\\www.7724yx.com\\framework\\web\\CController.php(265): CController->runActionWithFilters(Object(CInlineAction), NULL)
#17 D:\\www\\www.7724yx.com\\framework\\web\\CWebApplication.php(282): CController->run(\'index\')
#18 D:\\www\\www.7724yx.com\\framework\\web\\CWebApplication.php(141): CWebApplication->runController(\'pc/index/index\')
#19 D:\\www\\www.7724yx.com\\framework\\base\\CApplication.php(184): CWebApplication->processRequest()
#20 D:\\www\\www.7724yx.com\\index.php(48): CApplication->run()
#21 {main}',
)
*************************************
时间：2018-04-11 14:06:09
array (
  0 => 'SELECT t1.game_id,t2.*,\'\' as type_names
		FROM position t1 LEFT JOIN game t2 ON t1.game_id=t2.game_id
		WHERE t1.cat_id=\'3\' AND t2.status=3 
		and t1.game_id not in(2202,2831,2548,2765,2218,2763,2417,1853,983,214,119,1588,1782)
		 ORDER BY t1.sorts DESC,t1.id DESC  
		 LIMIT 0,12 ',
  1 => 'CDbCommand 无法执行 SQL 语句: SQLSTATE[42S02]: Base table or view not found: 1146 Table \'seven.position\' doesn\'t exist. The SQL statement executed was: SELECT t1.game_id,t2.*,\'\' as type_names
		FROM position t1 LEFT JOIN game t2 ON t1.game_id=t2.game_id
		WHERE t1.cat_id=\'3\' AND t2.status=3 
		and t1.game_id not in(2202,2831,2548,2765,2218,2763,2417,1853,983,214,119,1588,1782)
		 ORDER BY t1.sorts DESC,t1.id DESC  
		 LIMIT 0,12 ',
  2 => '#0 D:\\www\\www.7724yx.com\\framework\\db\\CDbCommand.php(396): CDbCommand->queryInternal(\'fetchAll\', Array, Array)
#1 D:\\www\\www.7724yx.com\\protected\\components\\DBHelper.php(14): CDbCommand->queryAll()
#2 D:\\www\\www.7724yx.com\\protected\\modules\\pc\\components\\Pc_PositionBll.php(45): DBHelper::queryAll(\'SELECT t1.game_...\')
#3 D:\\www\\www.7724yx.com\\protected\\modules\\pc\\views\\index\\index.php(80): Pc_PositionBll::getRecommendGame(12)
#4 D:\\www\\www.7724yx.com\\framework\\web\\CBaseController.php(126): require(\'D:\\\\www\\\\www.7724...\')
#5 D:\\www\\www.7724yx.com\\framework\\web\\CBaseController.php(95): CBaseController->renderInternal(\'D:\\\\www\\\\www.7724...\', NULL, true)
#6 D:\\www\\www.7724yx.com\\framework\\web\\CController.php(869): CBaseController->renderFile(\'D:\\\\www\\\\www.7724...\', NULL, true)
#7 D:\\www\\www.7724yx.com\\framework\\web\\CController.php(782): CController->renderPartial(\'index\', NULL, true)
#8 D:\\www\\www.7724yx.com\\protected\\modules\\pc\\controllers\\IndexController.php(16): CController->render(\'index\')
#9 D:\\www\\www.7724yx.com\\framework\\web\\actions\\CInlineAction.php(49): IndexController->actionIndex()
#10 D:\\www\\www.7724yx.com\\framework\\web\\CController.php(308): CInlineAction->runWithParams(Array)
#11 D:\\www\\www.7724yx.com\\framework\\web\\CController.php(286): CController->runAction(Object(CInlineAction))
#12 D:\\www\\www.7724yx.com\\framework\\web\\CController.php(265): CController->runActionWithFilters(Object(CInlineAction), NULL)
#13 D:\\www\\www.7724yx.com\\framework\\web\\CWebApplication.php(282): CController->run(\'index\')
#14 D:\\www\\www.7724yx.com\\framework\\web\\CWebApplication.php(141): CWebApplication->runController(\'pc/index/index\')
#15 D:\\www\\www.7724yx.com\\framework\\base\\CApplication.php(184): CWebApplication->processRequest()
#16 D:\\www\\www.7724yx.com\\index.php(48): CApplication->run()
#17 {main}',
)
*************************************
时间：2018-04-11 14:06:09
array (
  0 => 'SELECT * FROM game_types ',
  1 => 'CDbCommand 无法执行 SQL 语句: SQLSTATE[42S02]: Base table or view not found: 1146 Table \'seven.game_types\' doesn\'t exist. The SQL statement executed was: SELECT * FROM game_types ',
  2 => '#0 D:\\www\\www.7724yx.com\\framework\\db\\CDbCommand.php(396): CDbCommand->queryInternal(\'fetchAll\', Array, Array)
#1 D:\\www\\www.7724yx.com\\protected\\components\\DBHelper.php(14): CDbCommand->queryAll()
#2 D:\\www\\www.7724yx.com\\protected\\modules\\pc\\components\\Pc_GameBll.php(129): DBHelper::queryAll(\'SELECT * FROM g...\')
#3 D:\\www\\www.7724yx.com\\protected\\modules\\pc\\components\\Pc_PositionBll.php(48): Pc_GameBll::getAllType(1)
#4 D:\\www\\www.7724yx.com\\protected\\modules\\pc\\views\\index\\index.php(80): Pc_PositionBll::getRecommendGame(12)
#5 D:\\www\\www.7724yx.com\\framework\\web\\CBaseController.php(126): require(\'D:\\\\www\\\\www.7724...\')
#6 D:\\www\\www.7724yx.com\\framework\\web\\CBaseController.php(95): CBaseController->renderInternal(\'D:\\\\www\\\\www.7724...\', NULL, true)
#7 D:\\www\\www.7724yx.com\\framework\\web\\CController.php(869): CBaseController->renderFile(\'D:\\\\www\\\\www.7724...\', NULL, true)
#8 D:\\www\\www.7724yx.com\\framework\\web\\CController.php(782): CController->renderPartial(\'index\', NULL, true)
#9 D:\\www\\www.7724yx.com\\protected\\modules\\pc\\controllers\\IndexController.php(16): CController->render(\'index\')
#10 D:\\www\\www.7724yx.com\\framework\\web\\actions\\CInlineAction.php(49): IndexController->actionIndex()
#11 D:\\www\\www.7724yx.com\\framework\\web\\CController.php(308): CInlineAction->runWithParams(Array)
#12 D:\\www\\www.7724yx.com\\framework\\web\\CController.php(286): CController->runAction(Object(CInlineAction))
#13 D:\\www\\www.7724yx.com\\framework\\web\\CController.php(265): CController->runActionWithFilters(Object(CInlineAction), NULL)
#14 D:\\www\\www.7724yx.com\\framework\\web\\CWebApplication.php(282): CController->run(\'index\')
#15 D:\\www\\www.7724yx.com\\framework\\web\\CWebApplication.php(141): CWebApplication->runController(\'pc/index/index\')
#16 D:\\www\\www.7724yx.com\\framework\\base\\CApplication.php(184): CWebApplication->processRequest()
#17 D:\\www\\www.7724yx.com\\index.php(48): CApplication->run()
#18 {main}',
)
*************************************
时间：2018-04-11 14:06:09
array (
  0 => 'SELECT \'1\' as dj_flag,gm.game_id,gm.pinyin,gm.game_logo,gm.game_name, 
					gm.status,gm.game_url,
					gm.star_level,gm.game_visits,gm.rand_visits,gm.game_type ,\'\' as type_names 
					FROM game_play_record gpr , game gm WHERE gpr.game_id=gm.game_id 
					order by gpr.order_desc desc,gpr.create_time desc limit 12 ',
  1 => 'CDbCommand 无法执行 SQL 语句: SQLSTATE[42S02]: Base table or view not found: 1146 Table \'seven.game_play_record\' doesn\'t exist. The SQL statement executed was: SELECT \'1\' as dj_flag,gm.game_id,gm.pinyin,gm.game_logo,gm.game_name, 
					gm.status,gm.game_url,
					gm.star_level,gm.game_visits,gm.rand_visits,gm.game_type ,\'\' as type_names 
					FROM game_play_record gpr , game gm WHERE gpr.game_id=gm.game_id 
					order by gpr.order_desc desc,gpr.create_time desc limit 12 ',
  2 => '#0 D:\\www\\www.7724yx.com\\framework\\db\\CDbCommand.php(396): CDbCommand->queryInternal(\'fetchAll\', Array, Array)
#1 D:\\www\\www.7724yx.com\\protected\\components\\DBHelper.php(14): CDbCommand->queryAll()
#2 D:\\www\\www.7724yx.com\\protected\\modules\\pc\\components\\Pc_UserBll.php(135): DBHelper::queryAll(\'SELECT \'1\' as d...\')
#3 D:\\www\\www.7724yx.com\\protected\\modules\\pc\\views\\index\\index.php(124): Pc_UserBll::getUserPlayRecord(12)
#4 D:\\www\\www.7724yx.com\\framework\\web\\CBaseController.php(126): require(\'D:\\\\www\\\\www.7724...\')
#5 D:\\www\\www.7724yx.com\\framework\\web\\CBaseController.php(95): CBaseController->renderInternal(\'D:\\\\www\\\\www.7724...\', NULL, true)
#6 D:\\www\\www.7724yx.com\\framework\\web\\CController.php(869): CBaseController->renderFile(\'D:\\\\www\\\\www.7724...\', NULL, true)
#7 D:\\www\\www.7724yx.com\\framework\\web\\CController.php(782): CController->renderPartial(\'index\', NULL, true)
#8 D:\\www\\www.7724yx.com\\protected\\modules\\pc\\controllers\\IndexController.php(16): CController->render(\'index\')
#9 D:\\www\\www.7724yx.com\\framework\\web\\actions\\CInlineAction.php(49): IndexController->actionIndex()
#10 D:\\www\\www.7724yx.com\\framework\\web\\CController.php(308): CInlineAction->runWithParams(Array)
#11 D:\\www\\www.7724yx.com\\framework\\web\\CController.php(286): CController->runAction(Object(CInlineAction))
#12 D:\\www\\www.7724yx.com\\framework\\web\\CController.php(265): CController->runActionWithFilters(Object(CInlineAction), NULL)
#13 D:\\www\\www.7724yx.com\\framework\\web\\CWebApplication.php(282): CController->run(\'index\')
#14 D:\\www\\www.7724yx.com\\framework\\web\\CWebApplication.php(141): CWebApplication->runController(\'pc/index/index\')
#15 D:\\www\\www.7724yx.com\\framework\\base\\CApplication.php(184): CWebApplication->processRequest()
#16 D:\\www\\www.7724yx.com\\index.php(48): CApplication->run()
#17 {main}',
)
*************************************
时间：2018-04-11 14:06:09
array (
  0 => 'SELECT * FROM game_types ',
  1 => 'CDbCommand 无法执行 SQL 语句: SQLSTATE[42S02]: Base table or view not found: 1146 Table \'seven.game_types\' doesn\'t exist. The SQL statement executed was: SELECT * FROM game_types ',
  2 => '#0 D:\\www\\www.7724yx.com\\framework\\db\\CDbCommand.php(396): CDbCommand->queryInternal(\'fetchAll\', Array, Array)
#1 D:\\www\\www.7724yx.com\\protected\\components\\DBHelper.php(14): CDbCommand->queryAll()
#2 D:\\www\\www.7724yx.com\\protected\\modules\\pc\\components\\Pc_GameBll.php(129): DBHelper::queryAll(\'SELECT * FROM g...\')
#3 D:\\www\\www.7724yx.com\\protected\\modules\\pc\\components\\Pc_UserBll.php(167): Pc_GameBll::getAllType(1)
#4 D:\\www\\www.7724yx.com\\protected\\modules\\pc\\views\\index\\index.php(124): Pc_UserBll::getUserPlayRecord(12)
#5 D:\\www\\www.7724yx.com\\framework\\web\\CBaseController.php(126): require(\'D:\\\\www\\\\www.7724...\')
#6 D:\\www\\www.7724yx.com\\framework\\web\\CBaseController.php(95): CBaseController->renderInternal(\'D:\\\\www\\\\www.7724...\', NULL, true)
#7 D:\\www\\www.7724yx.com\\framework\\web\\CController.php(869): CBaseController->renderFile(\'D:\\\\www\\\\www.7724...\', NULL, true)
#8 D:\\www\\www.7724yx.com\\framework\\web\\CController.php(782): CController->renderPartial(\'index\', NULL, true)
#9 D:\\www\\www.7724yx.com\\protected\\modules\\pc\\controllers\\IndexController.php(16): CController->render(\'index\')
#10 D:\\www\\www.7724yx.com\\framework\\web\\actions\\CInlineAction.php(49): IndexController->actionIndex()
#11 D:\\www\\www.7724yx.com\\framework\\web\\CController.php(308): CInlineAction->runWithParams(Array)
#12 D:\\www\\www.7724yx.com\\framework\\web\\CController.php(286): CController->runAction(Object(CInlineAction))
#13 D:\\www\\www.7724yx.com\\framework\\web\\CController.php(265): CController->runActionWithFilters(Object(CInlineAction), NULL)
#14 D:\\www\\www.7724yx.com\\framework\\web\\CWebApplication.php(282): CController->run(\'index\')
#15 D:\\www\\www.7724yx.com\\framework\\web\\CWebApplication.php(141): CWebApplication->runController(\'pc/index/index\')
#16 D:\\www\\www.7724yx.com\\framework\\base\\CApplication.php(184): CWebApplication->processRequest()
#17 D:\\www\\www.7724yx.com\\index.php(48): CApplication->run()
#18 {main}',
)
*************************************
时间：2018-04-11 14:06:09
array (
  0 => 'SELECT * FROM game  WHERE status=3 
				and game_id not in(2202,2831,2548,2765,2218,2763,2417,1853,983,214,119,1588,1782)
				  order by time DESC ,game_id DESC   LIMIT 12 ',
  1 => 'CDbCommand 无法执行 SQL 语句: SQLSTATE[42S02]: Base table or view not found: 1146 Table \'seven.game\' doesn\'t exist. The SQL statement executed was: SELECT * FROM game  WHERE status=3 
				and game_id not in(2202,2831,2548,2765,2218,2763,2417,1853,983,214,119,1588,1782)
				  order by time DESC ,game_id DESC   LIMIT 12 ',
  2 => '#0 D:\\www\\www.7724yx.com\\framework\\db\\CDbCommand.php(396): CDbCommand->queryInternal(\'fetchAll\', Array, Array)
#1 D:\\www\\www.7724yx.com\\protected\\components\\DBHelper.php(14): CDbCommand->queryAll()
#2 D:\\www\\www.7724yx.com\\protected\\modules\\pc\\components\\Pc_GameBll.php(103): DBHelper::queryAll(\'SELECT * FROM g...\')
#3 D:\\www\\www.7724yx.com\\protected\\modules\\pc\\views\\index\\index.php(219): Pc_GameBll::getNewGames(12)
#4 D:\\www\\www.7724yx.com\\framework\\web\\CBaseController.php(126): require(\'D:\\\\www\\\\www.7724...\')
#5 D:\\www\\www.7724yx.com\\framework\\web\\CBaseController.php(95): CBaseController->renderInternal(\'D:\\\\www\\\\www.7724...\', NULL, true)
#6 D:\\www\\www.7724yx.com\\framework\\web\\CController.php(869): CBaseController->renderFile(\'D:\\\\www\\\\www.7724...\', NULL, true)
#7 D:\\www\\www.7724yx.com\\framework\\web\\CController.php(782): CController->renderPartial(\'index\', NULL, true)
#8 D:\\www\\www.7724yx.com\\protected\\modules\\pc\\controllers\\IndexController.php(16): CController->render(\'index\')
#9 D:\\www\\www.7724yx.com\\framework\\web\\actions\\CInlineAction.php(49): IndexController->actionIndex()
#10 D:\\www\\www.7724yx.com\\framework\\web\\CController.php(308): CInlineAction->runWithParams(Array)
#11 D:\\www\\www.7724yx.com\\framework\\web\\CController.php(286): CController->runAction(Object(CInlineAction))
#12 D:\\www\\www.7724yx.com\\framework\\web\\CController.php(265): CController->runActionWithFilters(Object(CInlineAction), NULL)
#13 D:\\www\\www.7724yx.com\\framework\\web\\CWebApplication.php(282): CController->run(\'index\')
#14 D:\\www\\www.7724yx.com\\framework\\web\\CWebApplication.php(141): CWebApplication->runController(\'pc/index/index\')
#15 D:\\www\\www.7724yx.com\\framework\\base\\CApplication.php(184): CWebApplication->processRequest()
#16 D:\\www\\www.7724yx.com\\index.php(48): CApplication->run()
#17 {main}',
)
*************************************
时间：2018-04-11 14:06:09
array (
  0 => 'SELECT atl.id,atl.type,atl.title,atl.descript,atl.gameid,g.pinyin 
			FROM position pt inner join article atl on pt.game_id=atl.id
			left join game g on atl.gameid=g.game_id WHERE pt.cat_id=\'13\' 
			and pt.status=\'1\' and atl.status>=1  ORDER BY pt.sorts DESC,pt.id DESC   LIMIT 2 ',
  1 => 'CDbCommand 无法执行 SQL 语句: SQLSTATE[42S02]: Base table or view not found: 1146 Table \'seven.position\' doesn\'t exist. The SQL statement executed was: SELECT atl.id,atl.type,atl.title,atl.descript,atl.gameid,g.pinyin 
			FROM position pt inner join article atl on pt.game_id=atl.id
			left join game g on atl.gameid=g.game_id WHERE pt.cat_id=\'13\' 
			and pt.status=\'1\' and atl.status>=1  ORDER BY pt.sorts DESC,pt.id DESC   LIMIT 2 ',
  2 => '#0 D:\\www\\www.7724yx.com\\framework\\db\\CDbCommand.php(396): CDbCommand->queryInternal(\'fetchAll\', Array, Array)
#1 D:\\www\\www.7724yx.com\\protected\\components\\DBHelper.php(14): CDbCommand->queryAll()
#2 D:\\www\\www.7724yx.com\\protected\\modules\\pc\\components\\Pc_PositionBll.php(73): DBHelper::queryAll(\'SELECT atl.id,a...\')
#3 D:\\www\\www.7724yx.com\\protected\\modules\\pc\\views\\index\\index.php(256): Pc_PositionBll::getRecommendArticle(13, 2)
#4 D:\\www\\www.7724yx.com\\framework\\web\\CBaseController.php(126): require(\'D:\\\\www\\\\www.7724...\')
#5 D:\\www\\www.7724yx.com\\framework\\web\\CBaseController.php(95): CBaseController->renderInternal(\'D:\\\\www\\\\www.7724...\', NULL, true)
#6 D:\\www\\www.7724yx.com\\framework\\web\\CController.php(869): CBaseController->renderFile(\'D:\\\\www\\\\www.7724...\', NULL, true)
#7 D:\\www\\www.7724yx.com\\framework\\web\\CController.php(782): CController->renderPartial(\'index\', NULL, true)
#8 D:\\www\\www.7724yx.com\\protected\\modules\\pc\\controllers\\IndexController.php(16): CController->render(\'index\')
#9 D:\\www\\www.7724yx.com\\framework\\web\\actions\\CInlineAction.php(49): IndexController->actionIndex()
#10 D:\\www\\www.7724yx.com\\framework\\web\\CController.php(308): CInlineAction->runWithParams(Array)
#11 D:\\www\\www.7724yx.com\\framework\\web\\CController.php(286): CController->runAction(Object(CInlineAction))
#12 D:\\www\\www.7724yx.com\\framework\\web\\CController.php(265): CController->runActionWithFilters(Object(CInlineAction), NULL)
#13 D:\\www\\www.7724yx.com\\framework\\web\\CWebApplication.php(282): CController->run(\'index\')
#14 D:\\www\\www.7724yx.com\\framework\\web\\CWebApplication.php(141): CWebApplication->runController(\'pc/index/index\')
#15 D:\\www\\www.7724yx.com\\framework\\base\\CApplication.php(184): CWebApplication->processRequest()
#16 D:\\www\\www.7724yx.com\\index.php(48): CApplication->run()
#17 {main}',
)
*************************************
时间：2018-04-11 14:06:11
array (
  0 => 'SELECT t1.game_id,t2.*,\'\' as type_names
		FROM position t1 LEFT JOIN game t2 ON t1.game_id=t2.game_id
		WHERE t1.cat_id=\'3\' AND t2.status=3 
		and t1.game_id not in(2202,2831,2548,2765,2218,2763,2417,1853,983,214,119,1588,1782)
		 ORDER BY t1.sorts DESC,t1.id DESC  
		 LIMIT 0,12 ',
  1 => 'CDbCommand 无法执行 SQL 语句: SQLSTATE[42S02]: Base table or view not found: 1146 Table \'seven.position\' doesn\'t exist. The SQL statement executed was: SELECT t1.game_id,t2.*,\'\' as type_names
		FROM position t1 LEFT JOIN game t2 ON t1.game_id=t2.game_id
		WHERE t1.cat_id=\'3\' AND t2.status=3 
		and t1.game_id not in(2202,2831,2548,2765,2218,2763,2417,1853,983,214,119,1588,1782)
		 ORDER BY t1.sorts DESC,t1.id DESC  
		 LIMIT 0,12 ',
  2 => '#0 D:\\www\\www.7724yx.com\\framework\\db\\CDbCommand.php(396): CDbCommand->queryInternal(\'fetchAll\', Array, Array)
#1 D:\\www\\www.7724yx.com\\protected\\components\\DBHelper.php(14): CDbCommand->queryAll()
#2 D:\\www\\www.7724yx.com\\protected\\modules\\pc\\components\\Pc_PositionBll.php(45): DBHelper::queryAll(\'SELECT t1.game_...\')
#3 D:\\www\\www.7724yx.com\\protected\\modules\\pc\\views\\index\\index.php(80): Pc_PositionBll::getRecommendGame(12)
#4 D:\\www\\www.7724yx.com\\framework\\web\\CBaseController.php(126): require(\'D:\\\\www\\\\www.7724...\')
#5 D:\\www\\www.7724yx.com\\framework\\web\\CBaseController.php(95): CBaseController->renderInternal(\'D:\\\\www\\\\www.7724...\', NULL, true)
#6 D:\\www\\www.7724yx.com\\framework\\web\\CController.php(869): CBaseController->renderFile(\'D:\\\\www\\\\www.7724...\', NULL, true)
#7 D:\\www\\www.7724yx.com\\framework\\web\\CController.php(782): CController->renderPartial(\'index\', NULL, true)
#8 D:\\www\\www.7724yx.com\\protected\\modules\\pc\\controllers\\IndexController.php(16): CController->render(\'index\')
#9 D:\\www\\www.7724yx.com\\framework\\web\\actions\\CInlineAction.php(49): IndexController->actionIndex()
#10 D:\\www\\www.7724yx.com\\framework\\web\\CController.php(308): CInlineAction->runWithParams(Array)
#11 D:\\www\\www.7724yx.com\\framework\\web\\CController.php(286): CController->runAction(Object(CInlineAction))
#12 D:\\www\\www.7724yx.com\\framework\\web\\CController.php(265): CController->runActionWithFilters(Object(CInlineAction), NULL)
#13 D:\\www\\www.7724yx.com\\framework\\web\\CWebApplication.php(282): CController->run(\'index\')
#14 D:\\www\\www.7724yx.com\\framework\\web\\CWebApplication.php(141): CWebApplication->runController(\'pc/index/index\')
#15 D:\\www\\www.7724yx.com\\framework\\base\\CApplication.php(184): CWebApplication->processRequest()
#16 D:\\www\\www.7724yx.com\\index.php(48): CApplication->run()
#17 {main}',
)
*************************************
时间：2018-04-11 14:06:11
array (
  0 => 'SELECT * FROM game_types ',
  1 => 'CDbCommand 无法执行 SQL 语句: SQLSTATE[42S02]: Base table or view not found: 1146 Table \'seven.game_types\' doesn\'t exist. The SQL statement executed was: SELECT * FROM game_types ',
  2 => '#0 D:\\www\\www.7724yx.com\\framework\\db\\CDbCommand.php(396): CDbCommand->queryInternal(\'fetchAll\', Array, Array)
#1 D:\\www\\www.7724yx.com\\protected\\components\\DBHelper.php(14): CDbCommand->queryAll()
#2 D:\\www\\www.7724yx.com\\protected\\modules\\pc\\components\\Pc_GameBll.php(129): DBHelper::queryAll(\'SELECT * FROM g...\')
#3 D:\\www\\www.7724yx.com\\protected\\modules\\pc\\components\\Pc_PositionBll.php(48): Pc_GameBll::getAllType(1)
#4 D:\\www\\www.7724yx.com\\protected\\modules\\pc\\views\\index\\index.php(80): Pc_PositionBll::getRecommendGame(12)
#5 D:\\www\\www.7724yx.com\\framework\\web\\CBaseController.php(126): require(\'D:\\\\www\\\\www.7724...\')
#6 D:\\www\\www.7724yx.com\\framework\\web\\CBaseController.php(95): CBaseController->renderInternal(\'D:\\\\www\\\\www.7724...\', NULL, true)
#7 D:\\www\\www.7724yx.com\\framework\\web\\CController.php(869): CBaseController->renderFile(\'D:\\\\www\\\\www.7724...\', NULL, true)
#8 D:\\www\\www.7724yx.com\\framework\\web\\CController.php(782): CController->renderPartial(\'index\', NULL, true)
#9 D:\\www\\www.7724yx.com\\protected\\modules\\pc\\controllers\\IndexController.php(16): CController->render(\'index\')
#10 D:\\www\\www.7724yx.com\\framework\\web\\actions\\CInlineAction.php(49): IndexController->actionIndex()
#11 D:\\www\\www.7724yx.com\\framework\\web\\CController.php(308): CInlineAction->runWithParams(Array)
#12 D:\\www\\www.7724yx.com\\framework\\web\\CController.php(286): CController->runAction(Object(CInlineAction))
#13 D:\\www\\www.7724yx.com\\framework\\web\\CController.php(265): CController->runActionWithFilters(Object(CInlineAction), NULL)
#14 D:\\www\\www.7724yx.com\\framework\\web\\CWebApplication.php(282): CController->run(\'index\')
#15 D:\\www\\www.7724yx.com\\framework\\web\\CWebApplication.php(141): CWebApplication->runController(\'pc/index/index\')
#16 D:\\www\\www.7724yx.com\\framework\\base\\CApplication.php(184): CWebApplication->processRequest()
#17 D:\\www\\www.7724yx.com\\index.php(48): CApplication->run()
#18 {main}',
)
*************************************
时间：2018-04-11 14:06:11
array (
  0 => 'SELECT \'1\' as dj_flag,gm.game_id,gm.pinyin,gm.game_logo,gm.game_name, 
					gm.status,gm.game_url,
					gm.star_level,gm.game_visits,gm.rand_visits,gm.game_type ,\'\' as type_names 
					FROM game_play_record gpr , game gm WHERE gpr.game_id=gm.game_id 
					order by gpr.order_desc desc,gpr.create_time desc limit 12 ',
  1 => 'CDbCommand 无法执行 SQL 语句: SQLSTATE[42S02]: Base table or view not found: 1146 Table \'seven.game_play_record\' doesn\'t exist. The SQL statement executed was: SELECT \'1\' as dj_flag,gm.game_id,gm.pinyin,gm.game_logo,gm.game_name, 
					gm.status,gm.game_url,
					gm.star_level,gm.game_visits,gm.rand_visits,gm.game_type ,\'\' as type_names 
					FROM game_play_record gpr , game gm WHERE gpr.game_id=gm.game_id 
					order by gpr.order_desc desc,gpr.create_time desc limit 12 ',
  2 => '#0 D:\\www\\www.7724yx.com\\framework\\db\\CDbCommand.php(396): CDbCommand->queryInternal(\'fetchAll\', Array, Array)
#1 D:\\www\\www.7724yx.com\\protected\\components\\DBHelper.php(14): CDbCommand->queryAll()
#2 D:\\www\\www.7724yx.com\\protected\\modules\\pc\\components\\Pc_UserBll.php(135): DBHelper::queryAll(\'SELECT \'1\' as d...\')
#3 D:\\www\\www.7724yx.com\\protected\\modules\\pc\\views\\index\\index.php(124): Pc_UserBll::getUserPlayRecord(12)
#4 D:\\www\\www.7724yx.com\\framework\\web\\CBaseController.php(126): require(\'D:\\\\www\\\\www.7724...\')
#5 D:\\www\\www.7724yx.com\\framework\\web\\CBaseController.php(95): CBaseController->renderInternal(\'D:\\\\www\\\\www.7724...\', NULL, true)
#6 D:\\www\\www.7724yx.com\\framework\\web\\CController.php(869): CBaseController->renderFile(\'D:\\\\www\\\\www.7724...\', NULL, true)
#7 D:\\www\\www.7724yx.com\\framework\\web\\CController.php(782): CController->renderPartial(\'index\', NULL, true)
#8 D:\\www\\www.7724yx.com\\protected\\modules\\pc\\controllers\\IndexController.php(16): CController->render(\'index\')
#9 D:\\www\\www.7724yx.com\\framework\\web\\actions\\CInlineAction.php(49): IndexController->actionIndex()
#10 D:\\www\\www.7724yx.com\\framework\\web\\CController.php(308): CInlineAction->runWithParams(Array)
#11 D:\\www\\www.7724yx.com\\framework\\web\\CController.php(286): CController->runAction(Object(CInlineAction))
#12 D:\\www\\www.7724yx.com\\framework\\web\\CController.php(265): CController->runActionWithFilters(Object(CInlineAction), NULL)
#13 D:\\www\\www.7724yx.com\\framework\\web\\CWebApplication.php(282): CController->run(\'index\')
#14 D:\\www\\www.7724yx.com\\framework\\web\\CWebApplication.php(141): CWebApplication->runController(\'pc/index/index\')
#15 D:\\www\\www.7724yx.com\\framework\\base\\CApplication.php(184): CWebApplication->processRequest()
#16 D:\\www\\www.7724yx.com\\index.php(48): CApplication->run()
#17 {main}',
)
*************************************
时间：2018-04-11 14:06:11
array (
  0 => 'SELECT * FROM game_types ',
  1 => 'CDbCommand 无法执行 SQL 语句: SQLSTATE[42S02]: Base table or view not found: 1146 Table \'seven.game_types\' doesn\'t exist. The SQL statement executed was: SELECT * FROM game_types ',
  2 => '#0 D:\\www\\www.7724yx.com\\framework\\db\\CDbCommand.php(396): CDbCommand->queryInternal(\'fetchAll\', Array, Array)
#1 D:\\www\\www.7724yx.com\\protected\\components\\DBHelper.php(14): CDbCommand->queryAll()
#2 D:\\www\\www.7724yx.com\\protected\\modules\\pc\\components\\Pc_GameBll.php(129): DBHelper::queryAll(\'SELECT * FROM g...\')
#3 D:\\www\\www.7724yx.com\\protected\\modules\\pc\\components\\Pc_UserBll.php(167): Pc_GameBll::getAllType(1)
#4 D:\\www\\www.7724yx.com\\protected\\modules\\pc\\views\\index\\index.php(124): Pc_UserBll::getUserPlayRecord(12)
#5 D:\\www\\www.7724yx.com\\framework\\web\\CBaseController.php(126): require(\'D:\\\\www\\\\www.7724...\')
#6 D:\\www\\www.7724yx.com\\framework\\web\\CBaseController.php(95): CBaseController->renderInternal(\'D:\\\\www\\\\www.7724...\', NULL, true)
#7 D:\\www\\www.7724yx.com\\framework\\web\\CController.php(869): CBaseController->renderFile(\'D:\\\\www\\\\www.7724...\', NULL, true)
#8 D:\\www\\www.7724yx.com\\framework\\web\\CController.php(782): CController->renderPartial(\'index\', NULL, true)
#9 D:\\www\\www.7724yx.com\\protected\\modules\\pc\\controllers\\IndexController.php(16): CController->render(\'index\')
#10 D:\\www\\www.7724yx.com\\framework\\web\\actions\\CInlineAction.php(49): IndexController->actionIndex()
#11 D:\\www\\www.7724yx.com\\framework\\web\\CController.php(308): CInlineAction->runWithParams(Array)
#12 D:\\www\\www.7724yx.com\\framework\\web\\CController.php(286): CController->runAction(Object(CInlineAction))
#13 D:\\www\\www.7724yx.com\\framework\\web\\CController.php(265): CController->runActionWithFilters(Object(CInlineAction), NULL)
#14 D:\\www\\www.7724yx.com\\framework\\web\\CWebApplication.php(282): CController->run(\'index\')
#15 D:\\www\\www.7724yx.com\\framework\\web\\CWebApplication.php(141): CWebApplication->runController(\'pc/index/index\')
#16 D:\\www\\www.7724yx.com\\framework\\base\\CApplication.php(184): CWebApplication->processRequest()
#17 D:\\www\\www.7724yx.com\\index.php(48): CApplication->run()
#18 {main}',
)
*************************************
时间：2018-04-11 14:06:11
array (
  0 => 'SELECT * FROM game  WHERE status=3 
				and game_id not in(2202,2831,2548,2765,2218,2763,2417,1853,983,214,119,1588,1782)
				  order by time DESC ,game_id DESC   LIMIT 12 ',
  1 => 'CDbCommand 无法执行 SQL 语句: SQLSTATE[42S02]: Base table or view not found: 1146 Table \'seven.game\' doesn\'t exist. The SQL statement executed was: SELECT * FROM game  WHERE status=3 
				and game_id not in(2202,2831,2548,2765,2218,2763,2417,1853,983,214,119,1588,1782)
				  order by time DESC ,game_id DESC   LIMIT 12 ',
  2 => '#0 D:\\www\\www.7724yx.com\\framework\\db\\CDbCommand.php(396): CDbCommand->queryInternal(\'fetchAll\', Array, Array)
#1 D:\\www\\www.7724yx.com\\protected\\components\\DBHelper.php(14): CDbCommand->queryAll()
#2 D:\\www\\www.7724yx.com\\protected\\modules\\pc\\components\\Pc_GameBll.php(103): DBHelper::queryAll(\'SELECT * FROM g...\')
#3 D:\\www\\www.7724yx.com\\protected\\modules\\pc\\views\\index\\index.php(219): Pc_GameBll::getNewGames(12)
#4 D:\\www\\www.7724yx.com\\framework\\web\\CBaseController.php(126): require(\'D:\\\\www\\\\www.7724...\')
#5 D:\\www\\www.7724yx.com\\framework\\web\\CBaseController.php(95): CBaseController->renderInternal(\'D:\\\\www\\\\www.7724...\', NULL, true)
#6 D:\\www\\www.7724yx.com\\framework\\web\\CController.php(869): CBaseController->renderFile(\'D:\\\\www\\\\www.7724...\', NULL, true)
#7 D:\\www\\www.7724yx.com\\framework\\web\\CController.php(782): CController->renderPartial(\'index\', NULL, true)
#8 D:\\www\\www.7724yx.com\\protected\\modules\\pc\\controllers\\IndexController.php(16): CController->render(\'index\')
#9 D:\\www\\www.7724yx.com\\framework\\web\\actions\\CInlineAction.php(49): IndexController->actionIndex()
#10 D:\\www\\www.7724yx.com\\framework\\web\\CController.php(308): CInlineAction->runWithParams(Array)
#11 D:\\www\\www.7724yx.com\\framework\\web\\CController.php(286): CController->runAction(Object(CInlineAction))
#12 D:\\www\\www.7724yx.com\\framework\\web\\CController.php(265): CController->runActionWithFilters(Object(CInlineAction), NULL)
#13 D:\\www\\www.7724yx.com\\framework\\web\\CWebApplication.php(282): CController->run(\'index\')
#14 D:\\www\\www.7724yx.com\\framework\\web\\CWebApplication.php(141): CWebApplication->runController(\'pc/index/index\')
#15 D:\\www\\www.7724yx.com\\framework\\base\\CApplication.php(184): CWebApplication->processRequest()
#16 D:\\www\\www.7724yx.com\\index.php(48): CApplication->run()
#17 {main}',
)
*************************************
时间：2018-04-11 14:06:11
array (
  0 => 'SELECT atl.id,atl.type,atl.title,atl.descript,atl.gameid,g.pinyin 
			FROM position pt inner join article atl on pt.game_id=atl.id
			left join game g on atl.gameid=g.game_id WHERE pt.cat_id=\'13\' 
			and pt.status=\'1\' and atl.status>=1  ORDER BY pt.sorts DESC,pt.id DESC   LIMIT 2 ',
  1 => 'CDbCommand 无法执行 SQL 语句: SQLSTATE[42S02]: Base table or view not found: 1146 Table \'seven.position\' doesn\'t exist. The SQL statement executed was: SELECT atl.id,atl.type,atl.title,atl.descript,atl.gameid,g.pinyin 
			FROM position pt inner join article atl on pt.game_id=atl.id
			left join game g on atl.gameid=g.game_id WHERE pt.cat_id=\'13\' 
			and pt.status=\'1\' and atl.status>=1  ORDER BY pt.sorts DESC,pt.id DESC   LIMIT 2 ',
  2 => '#0 D:\\www\\www.7724yx.com\\framework\\db\\CDbCommand.php(396): CDbCommand->queryInternal(\'fetchAll\', Array, Array)
#1 D:\\www\\www.7724yx.com\\protected\\components\\DBHelper.php(14): CDbCommand->queryAll()
#2 D:\\www\\www.7724yx.com\\protected\\modules\\pc\\components\\Pc_PositionBll.php(73): DBHelper::queryAll(\'SELECT atl.id,a...\')
#3 D:\\www\\www.7724yx.com\\protected\\modules\\pc\\views\\index\\index.php(256): Pc_PositionBll::getRecommendArticle(13, 2)
#4 D:\\www\\www.7724yx.com\\framework\\web\\CBaseController.php(126): require(\'D:\\\\www\\\\www.7724...\')
#5 D:\\www\\www.7724yx.com\\framework\\web\\CBaseController.php(95): CBaseController->renderInternal(\'D:\\\\www\\\\www.7724...\', NULL, true)
#6 D:\\www\\www.7724yx.com\\framework\\web\\CController.php(869): CBaseController->renderFile(\'D:\\\\www\\\\www.7724...\', NULL, true)
#7 D:\\www\\www.7724yx.com\\framework\\web\\CController.php(782): CController->renderPartial(\'index\', NULL, true)
#8 D:\\www\\www.7724yx.com\\protected\\modules\\pc\\controllers\\IndexController.php(16): CController->render(\'index\')
#9 D:\\www\\www.7724yx.com\\framework\\web\\actions\\CInlineAction.php(49): IndexController->actionIndex()
#10 D:\\www\\www.7724yx.com\\framework\\web\\CController.php(308): CInlineAction->runWithParams(Array)
#11 D:\\www\\www.7724yx.com\\framework\\web\\CController.php(286): CController->runAction(Object(CInlineAction))
#12 D:\\www\\www.7724yx.com\\framework\\web\\CController.php(265): CController->runActionWithFilters(Object(CInlineAction), NULL)
#13 D:\\www\\www.7724yx.com\\framework\\web\\CWebApplication.php(282): CController->run(\'index\')
#14 D:\\www\\www.7724yx.com\\framework\\web\\CWebApplication.php(141): CWebApplication->runController(\'pc/index/index\')
#15 D:\\www\\www.7724yx.com\\framework\\base\\CApplication.php(184): CWebApplication->processRequest()
#16 D:\\www\\www.7724yx.com\\index.php(48): CApplication->run()
#17 {main}',
)
*************************************
时间：2018-04-11 14:07:04
array (
  0 => 'SELECT t1.game_id,t2.*,\'\' as type_names
		FROM position t1 LEFT JOIN game t2 ON t1.game_id=t2.game_id
		WHERE t1.cat_id=\'3\' AND t2.status=3 
		and t1.game_id not in(2202,2831,2548,2765,2218,2763,2417,1853,983,214,119,1588,1782)
		 ORDER BY t1.sorts DESC,t1.id DESC  
		 LIMIT 0,12 ',
  1 => 'CDbConnection failed to open the DB connection: SQLSTATE[HY000] [1045] Access denied for user \'root\'@\'localhost\' (using password: YES)',
  2 => '#0 D:\\www\\www.7724yx.com\\framework\\db\\CDbConnection.php(347): CDbConnection->open()
#1 D:\\www\\www.7724yx.com\\framework\\db\\CDbConnection.php(325): CDbConnection->setActive(true)
#2 D:\\www\\www.7724yx.com\\framework\\base\\CModule.php(394): CDbConnection->init()
#3 D:\\www\\www.7724yx.com\\framework\\base\\CModule.php(103): CModule->getComponent(\'db\')
#4 D:\\www\\www.7724yx.com\\protected\\components\\DBHelper.php(39): CModule->__get(\'db\')
#5 D:\\www\\www.7724yx.com\\protected\\components\\DBHelper.php(13): DBHelper::bindParam(\'SELECT t1.game_...\', Array)
#6 D:\\www\\www.7724yx.com\\protected\\modules\\pc\\components\\Pc_PositionBll.php(45): DBHelper::queryAll(\'SELECT t1.game_...\')
#7 D:\\www\\www.7724yx.com\\protected\\modules\\pc\\views\\index\\index.php(80): Pc_PositionBll::getRecommendGame(12)
#8 D:\\www\\www.7724yx.com\\framework\\web\\CBaseController.php(126): require(\'D:\\\\www\\\\www.7724...\')
#9 D:\\www\\www.7724yx.com\\framework\\web\\CBaseController.php(95): CBaseController->renderInternal(\'D:\\\\www\\\\www.7724...\', NULL, true)
#10 D:\\www\\www.7724yx.com\\framework\\web\\CController.php(869): CBaseController->renderFile(\'D:\\\\www\\\\www.7724...\', NULL, true)
#11 D:\\www\\www.7724yx.com\\framework\\web\\CController.php(782): CController->renderPartial(\'index\', NULL, true)
#12 D:\\www\\www.7724yx.com\\protected\\modules\\pc\\controllers\\IndexController.php(16): CController->render(\'index\')
#13 D:\\www\\www.7724yx.com\\framework\\web\\actions\\CInlineAction.php(49): IndexController->actionIndex()
#14 D:\\www\\www.7724yx.com\\framework\\web\\CController.php(308): CInlineAction->runWithParams(Array)
#15 D:\\www\\www.7724yx.com\\framework\\web\\CController.php(286): CController->runAction(Object(CInlineAction))
#16 D:\\www\\www.7724yx.com\\framework\\web\\CController.php(265): CController->runActionWithFilters(Object(CInlineAction), NULL)
#17 D:\\www\\www.7724yx.com\\framework\\web\\CWebApplication.php(282): CController->run(\'index\')
#18 D:\\www\\www.7724yx.com\\framework\\web\\CWebApplication.php(141): CWebApplication->runController(\'pc/index/index\')
#19 D:\\www\\www.7724yx.com\\framework\\base\\CApplication.php(184): CWebApplication->processRequest()
#20 D:\\www\\www.7724yx.com\\index.php(48): CApplication->run()
#21 {main}',
)
*************************************
时间：2018-04-11 14:07:05
array (
  0 => 'SELECT * FROM game_types ',
  1 => 'CDbConnection failed to open the DB connection: SQLSTATE[HY000] [1045] Access denied for user \'root\'@\'localhost\' (using password: YES)',
  2 => '#0 D:\\www\\www.7724yx.com\\framework\\db\\CDbConnection.php(347): CDbConnection->open()
#1 D:\\www\\www.7724yx.com\\framework\\db\\CDbConnection.php(325): CDbConnection->setActive(true)
#2 D:\\www\\www.7724yx.com\\framework\\base\\CModule.php(394): CDbConnection->init()
#3 D:\\www\\www.7724yx.com\\framework\\base\\CModule.php(103): CModule->getComponent(\'db\')
#4 D:\\www\\www.7724yx.com\\protected\\components\\DBHelper.php(39): CModule->__get(\'db\')
#5 D:\\www\\www.7724yx.com\\protected\\components\\DBHelper.php(13): DBHelper::bindParam(\'SELECT * FROM g...\', Array)
#6 D:\\www\\www.7724yx.com\\protected\\modules\\pc\\components\\Pc_GameBll.php(129): DBHelper::queryAll(\'SELECT * FROM g...\')
#7 D:\\www\\www.7724yx.com\\protected\\modules\\pc\\components\\Pc_PositionBll.php(48): Pc_GameBll::getAllType(1)
#8 D:\\www\\www.7724yx.com\\protected\\modules\\pc\\views\\index\\index.php(80): Pc_PositionBll::getRecommendGame(12)
#9 D:\\www\\www.7724yx.com\\framework\\web\\CBaseController.php(126): require(\'D:\\\\www\\\\www.7724...\')
#10 D:\\www\\www.7724yx.com\\framework\\web\\CBaseController.php(95): CBaseController->renderInternal(\'D:\\\\www\\\\www.7724...\', NULL, true)
#11 D:\\www\\www.7724yx.com\\framework\\web\\CController.php(869): CBaseController->renderFile(\'D:\\\\www\\\\www.7724...\', NULL, true)
#12 D:\\www\\www.7724yx.com\\framework\\web\\CController.php(782): CController->renderPartial(\'index\', NULL, true)
#13 D:\\www\\www.7724yx.com\\protected\\modules\\pc\\controllers\\IndexController.php(16): CController->render(\'index\')
#14 D:\\www\\www.7724yx.com\\framework\\web\\actions\\CInlineAction.php(49): IndexController->actionIndex()
#15 D:\\www\\www.7724yx.com\\framework\\web\\CController.php(308): CInlineAction->runWithParams(Array)
#16 D:\\www\\www.7724yx.com\\framework\\web\\CController.php(286): CController->runAction(Object(CInlineAction))
#17 D:\\www\\www.7724yx.com\\framework\\web\\CController.php(265): CController->runActionWithFilters(Object(CInlineAction), NULL)
#18 D:\\www\\www.7724yx.com\\framework\\web\\CWebApplication.php(282): CController->run(\'index\')
#19 D:\\www\\www.7724yx.com\\framework\\web\\CWebApplication.php(141): CWebApplication->runController(\'pc/index/index\')
#20 D:\\www\\www.7724yx.com\\framework\\base\\CApplication.php(184): CWebApplication->processRequest()
#21 D:\\www\\www.7724yx.com\\index.php(48): CApplication->run()
#22 {main}',
)
*************************************
时间：2018-04-11 14:07:06
array (
  0 => 'SELECT \'1\' as dj_flag,gm.game_id,gm.pinyin,gm.game_logo,gm.game_name, 
					gm.status,gm.game_url,
					gm.star_level,gm.game_visits,gm.rand_visits,gm.game_type ,\'\' as type_names 
					FROM game_play_record gpr , game gm WHERE gpr.game_id=gm.game_id 
					order by gpr.order_desc desc,gpr.create_time desc limit 12 ',
  1 => 'CDbConnection failed to open the DB connection: SQLSTATE[HY000] [1045] Access denied for user \'root\'@\'localhost\' (using password: YES)',
  2 => '#0 D:\\www\\www.7724yx.com\\framework\\db\\CDbConnection.php(347): CDbConnection->open()
#1 D:\\www\\www.7724yx.com\\framework\\db\\CDbConnection.php(325): CDbConnection->setActive(true)
#2 D:\\www\\www.7724yx.com\\framework\\base\\CModule.php(394): CDbConnection->init()
#3 D:\\www\\www.7724yx.com\\framework\\base\\CModule.php(103): CModule->getComponent(\'db\')
#4 D:\\www\\www.7724yx.com\\protected\\components\\DBHelper.php(39): CModule->__get(\'db\')
#5 D:\\www\\www.7724yx.com\\protected\\components\\DBHelper.php(13): DBHelper::bindParam(\'SELECT \'1\' as d...\', Array)
#6 D:\\www\\www.7724yx.com\\protected\\modules\\pc\\components\\Pc_UserBll.php(135): DBHelper::queryAll(\'SELECT \'1\' as d...\')
#7 D:\\www\\www.7724yx.com\\protected\\modules\\pc\\views\\index\\index.php(124): Pc_UserBll::getUserPlayRecord(12)
#8 D:\\www\\www.7724yx.com\\framework\\web\\CBaseController.php(126): require(\'D:\\\\www\\\\www.7724...\')
#9 D:\\www\\www.7724yx.com\\framework\\web\\CBaseController.php(95): CBaseController->renderInternal(\'D:\\\\www\\\\www.7724...\', NULL, true)
#10 D:\\www\\www.7724yx.com\\framework\\web\\CController.php(869): CBaseController->renderFile(\'D:\\\\www\\\\www.7724...\', NULL, true)
#11 D:\\www\\www.7724yx.com\\framework\\web\\CController.php(782): CController->renderPartial(\'index\', NULL, true)
#12 D:\\www\\www.7724yx.com\\protected\\modules\\pc\\controllers\\IndexController.php(16): CController->render(\'index\')
#13 D:\\www\\www.7724yx.com\\framework\\web\\actions\\CInlineAction.php(49): IndexController->actionIndex()
#14 D:\\www\\www.7724yx.com\\framework\\web\\CController.php(308): CInlineAction->runWithParams(Array)
#15 D:\\www\\www.7724yx.com\\framework\\web\\CController.php(286): CController->runAction(Object(CInlineAction))
#16 D:\\www\\www.7724yx.com\\framework\\web\\CController.php(265): CController->runActionWithFilters(Object(CInlineAction), NULL)
#17 D:\\www\\www.7724yx.com\\framework\\web\\CWebApplication.php(282): CController->run(\'index\')
#18 D:\\www\\www.7724yx.com\\framework\\web\\CWebApplication.php(141): CWebApplication->runController(\'pc/index/index\')
#19 D:\\www\\www.7724yx.com\\framework\\base\\CApplication.php(184): CWebApplication->processRequest()
#20 D:\\www\\www.7724yx.com\\index.php(48): CApplication->run()
#21 {main}',
)
*************************************
时间：2018-04-11 14:07:07
array (
  0 => 'SELECT * FROM game_types ',
  1 => 'CDbConnection failed to open the DB connection: SQLSTATE[HY000] [1045] Access denied for user \'root\'@\'localhost\' (using password: YES)',
  2 => '#0 D:\\www\\www.7724yx.com\\framework\\db\\CDbConnection.php(347): CDbConnection->open()
#1 D:\\www\\www.7724yx.com\\framework\\db\\CDbConnection.php(325): CDbConnection->setActive(true)
#2 D:\\www\\www.7724yx.com\\framework\\base\\CModule.php(394): CDbConnection->init()
#3 D:\\www\\www.7724yx.com\\framework\\base\\CModule.php(103): CModule->getComponent(\'db\')
#4 D:\\www\\www.7724yx.com\\protected\\components\\DBHelper.php(39): CModule->__get(\'db\')
#5 D:\\www\\www.7724yx.com\\protected\\components\\DBHelper.php(13): DBHelper::bindParam(\'SELECT * FROM g...\', Array)
#6 D:\\www\\www.7724yx.com\\protected\\modules\\pc\\components\\Pc_GameBll.php(129): DBHelper::queryAll(\'SELECT * FROM g...\')
#7 D:\\www\\www.7724yx.com\\protected\\modules\\pc\\components\\Pc_UserBll.php(167): Pc_GameBll::getAllType(1)
#8 D:\\www\\www.7724yx.com\\protected\\modules\\pc\\views\\index\\index.php(124): Pc_UserBll::getUserPlayRecord(12)
#9 D:\\www\\www.7724yx.com\\framework\\web\\CBaseController.php(126): require(\'D:\\\\www\\\\www.7724...\')
#10 D:\\www\\www.7724yx.com\\framework\\web\\CBaseController.php(95): CBaseController->renderInternal(\'D:\\\\www\\\\www.7724...\', NULL, true)
#11 D:\\www\\www.7724yx.com\\framework\\web\\CController.php(869): CBaseController->renderFile(\'D:\\\\www\\\\www.7724...\', NULL, true)
#12 D:\\www\\www.7724yx.com\\framework\\web\\CController.php(782): CController->renderPartial(\'index\', NULL, true)
#13 D:\\www\\www.7724yx.com\\protected\\modules\\pc\\controllers\\IndexController.php(16): CController->render(\'index\')
#14 D:\\www\\www.7724yx.com\\framework\\web\\actions\\CInlineAction.php(49): IndexController->actionIndex()
#15 D:\\www\\www.7724yx.com\\framework\\web\\CController.php(308): CInlineAction->runWithParams(Array)
#16 D:\\www\\www.7724yx.com\\framework\\web\\CController.php(286): CController->runAction(Object(CInlineAction))
#17 D:\\www\\www.7724yx.com\\framework\\web\\CController.php(265): CController->runActionWithFilters(Object(CInlineAction), NULL)
#18 D:\\www\\www.7724yx.com\\framework\\web\\CWebApplication.php(282): CController->run(\'index\')
#19 D:\\www\\www.7724yx.com\\framework\\web\\CWebApplication.php(141): CWebApplication->runController(\'pc/index/index\')
#20 D:\\www\\www.7724yx.com\\framework\\base\\CApplication.php(184): CWebApplication->processRequest()
#21 D:\\www\\www.7724yx.com\\index.php(48): CApplication->run()
#22 {main}',
)
*************************************
时间：2018-04-11 14:07:08
array (
  0 => 'SELECT * FROM game  WHERE status=3 
				and game_id not in(2202,2831,2548,2765,2218,2763,2417,1853,983,214,119,1588,1782)
				  order by time DESC ,game_id DESC   LIMIT 12 ',
  1 => 'CDbConnection failed to open the DB connection: SQLSTATE[HY000] [1045] Access denied for user \'root\'@\'localhost\' (using password: YES)',
  2 => '#0 D:\\www\\www.7724yx.com\\framework\\db\\CDbConnection.php(347): CDbConnection->open()
#1 D:\\www\\www.7724yx.com\\framework\\db\\CDbConnection.php(325): CDbConnection->setActive(true)
#2 D:\\www\\www.7724yx.com\\framework\\base\\CModule.php(394): CDbConnection->init()
#3 D:\\www\\www.7724yx.com\\framework\\base\\CModule.php(103): CModule->getComponent(\'db\')
#4 D:\\www\\www.7724yx.com\\protected\\components\\DBHelper.php(39): CModule->__get(\'db\')
#5 D:\\www\\www.7724yx.com\\protected\\components\\DBHelper.php(13): DBHelper::bindParam(\'SELECT * FROM g...\', Array)
#6 D:\\www\\www.7724yx.com\\protected\\modules\\pc\\components\\Pc_GameBll.php(103): DBHelper::queryAll(\'SELECT * FROM g...\')
#7 D:\\www\\www.7724yx.com\\protected\\modules\\pc\\views\\index\\index.php(219): Pc_GameBll::getNewGames(12)
#8 D:\\www\\www.7724yx.com\\framework\\web\\CBaseController.php(126): require(\'D:\\\\www\\\\www.7724...\')
#9 D:\\www\\www.7724yx.com\\framework\\web\\CBaseController.php(95): CBaseController->renderInternal(\'D:\\\\www\\\\www.7724...\', NULL, true)
#10 D:\\www\\www.7724yx.com\\framework\\web\\CController.php(869): CBaseController->renderFile(\'D:\\\\www\\\\www.7724...\', NULL, true)
#11 D:\\www\\www.7724yx.com\\framework\\web\\CController.php(782): CController->renderPartial(\'index\', NULL, true)
#12 D:\\www\\www.7724yx.com\\protected\\modules\\pc\\controllers\\IndexController.php(16): CController->render(\'index\')
#13 D:\\www\\www.7724yx.com\\framework\\web\\actions\\CInlineAction.php(49): IndexController->actionIndex()
#14 D:\\www\\www.7724yx.com\\framework\\web\\CController.php(308): CInlineAction->runWithParams(Array)
#15 D:\\www\\www.7724yx.com\\framework\\web\\CController.php(286): CController->runAction(Object(CInlineAction))
#16 D:\\www\\www.7724yx.com\\framework\\web\\CController.php(265): CController->runActionWithFilters(Object(CInlineAction), NULL)
#17 D:\\www\\www.7724yx.com\\framework\\web\\CWebApplication.php(282): CController->run(\'index\')
#18 D:\\www\\www.7724yx.com\\framework\\web\\CWebApplication.php(141): CWebApplication->runController(\'pc/index/index\')
#19 D:\\www\\www.7724yx.com\\framework\\base\\CApplication.php(184): CWebApplication->processRequest()
#20 D:\\www\\www.7724yx.com\\index.php(48): CApplication->run()
#21 {main}',
)
*************************************
时间：2018-04-11 14:07:09
array (
  0 => 'SELECT atl.id,atl.type,atl.title,atl.descript,atl.gameid,g.pinyin 
			FROM position pt inner join article atl on pt.game_id=atl.id
			left join game g on atl.gameid=g.game_id WHERE pt.cat_id=\'13\' 
			and pt.status=\'1\' and atl.status>=1  ORDER BY pt.sorts DESC,pt.id DESC   LIMIT 2 ',
  1 => 'CDbConnection failed to open the DB connection: SQLSTATE[HY000] [1045] Access denied for user \'root\'@\'localhost\' (using password: YES)',
  2 => '#0 D:\\www\\www.7724yx.com\\framework\\db\\CDbConnection.php(347): CDbConnection->open()
#1 D:\\www\\www.7724yx.com\\framework\\db\\CDbConnection.php(325): CDbConnection->setActive(true)
#2 D:\\www\\www.7724yx.com\\framework\\base\\CModule.php(394): CDbConnection->init()
#3 D:\\www\\www.7724yx.com\\framework\\base\\CModule.php(103): CModule->getComponent(\'db\')
#4 D:\\www\\www.7724yx.com\\protected\\components\\DBHelper.php(39): CModule->__get(\'db\')
#5 D:\\www\\www.7724yx.com\\protected\\components\\DBHelper.php(13): DBHelper::bindParam(\'SELECT atl.id,a...\', Array)
#6 D:\\www\\www.7724yx.com\\protected\\modules\\pc\\components\\Pc_PositionBll.php(73): DBHelper::queryAll(\'SELECT atl.id,a...\')
#7 D:\\www\\www.7724yx.com\\protected\\modules\\pc\\views\\index\\index.php(256): Pc_PositionBll::getRecommendArticle(13, 2)
#8 D:\\www\\www.7724yx.com\\framework\\web\\CBaseController.php(126): require(\'D:\\\\www\\\\www.7724...\')
#9 D:\\www\\www.7724yx.com\\framework\\web\\CBaseController.php(95): CBaseController->renderInternal(\'D:\\\\www\\\\www.7724...\', NULL, true)
#10 D:\\www\\www.7724yx.com\\framework\\web\\CController.php(869): CBaseController->renderFile(\'D:\\\\www\\\\www.7724...\', NULL, true)
#11 D:\\www\\www.7724yx.com\\framework\\web\\CController.php(782): CController->renderPartial(\'index\', NULL, true)
#12 D:\\www\\www.7724yx.com\\protected\\modules\\pc\\controllers\\IndexController.php(16): CController->render(\'index\')
#13 D:\\www\\www.7724yx.com\\framework\\web\\actions\\CInlineAction.php(49): IndexController->actionIndex()
#14 D:\\www\\www.7724yx.com\\framework\\web\\CController.php(308): CInlineAction->runWithParams(Array)
#15 D:\\www\\www.7724yx.com\\framework\\web\\CController.php(286): CController->runAction(Object(CInlineAction))
#16 D:\\www\\www.7724yx.com\\framework\\web\\CController.php(265): CController->runActionWithFilters(Object(CInlineAction), NULL)
#17 D:\\www\\www.7724yx.com\\framework\\web\\CWebApplication.php(282): CController->run(\'index\')
#18 D:\\www\\www.7724yx.com\\framework\\web\\CWebApplication.php(141): CWebApplication->runController(\'pc/index/index\')
#19 D:\\www\\www.7724yx.com\\framework\\base\\CApplication.php(184): CWebApplication->processRequest()
#20 D:\\www\\www.7724yx.com\\index.php(48): CApplication->run()
#21 {main}',
)
*************************************
