执行日期：2015-08-21-09：30：01
【接收到app支付的通知json】:



执行日期：2015-08-21-09：30：43
【接收到app支付的通知json】:



执行日期：2015-08-21-09：33：03
【接收到app支付的通知json】:
<xml><appid><![CDATA[wxc9154e533b333d00]]></appid>
<bank_type><![CDATA[COMM_DEBIT]]></bank_type>
<cash_fee><![CDATA[1]]></cash_fee>
<fee_type><![CDATA[CNY]]></fee_type>
<is_subscribe><![CDATA[N]]></is_subscribe>
<mch_id><![CDATA[1247707501]]></mch_id>
<nonce_str><![CDATA[1aa3d9c6ce672447e1e5d0f1b5207e85]]></nonce_str>
<openid><![CDATA[oqUDWsqC3MFxwdzwTZTBFJZi37KY]]></openid>
<out_trade_no><![CDATA[fed537780f3f29cc5d5f313bbda423c4]]></out_trade_no>
<result_code><![CDATA[SUCCESS]]></result_code>
<return_code><![CDATA[SUCCESS]]></return_code>
<sign><![CDATA[6581F52598B3A630EC1BA554F3CD0190]]></sign>
<time_end><![CDATA[20150821093302]]></time_end>
<total_fee>1</total_fee>
<trade_type><![CDATA[APP]]></trade_type>
<transaction_id><![CDATA[1003770119201508210670559889]]></transaction_id>
</xml>


执行日期：2015-08-21-09：33：17
【接收到app支付的通知json】:
<xml><appid><![CDATA[wxc9154e533b333d00]]></appid>
<bank_type><![CDATA[COMM_DEBIT]]></bank_type>
<cash_fee><![CDATA[1]]></cash_fee>
<fee_type><![CDATA[CNY]]></fee_type>
<is_subscribe><![CDATA[N]]></is_subscribe>
<mch_id><![CDATA[1247707501]]></mch_id>
<nonce_str><![CDATA[1aa3d9c6ce672447e1e5d0f1b5207e85]]></nonce_str>
<openid><![CDATA[oqUDWsqC3MFxwdzwTZTBFJZi37KY]]></openid>
<out_trade_no><![CDATA[fed537780f3f29cc5d5f313bbda423c4]]></out_trade_no>
<result_code><![CDATA[SUCCESS]]></result_code>
<return_code><![CDATA[SUCCESS]]></return_code>
<sign><![CDATA[6581F52598B3A630EC1BA554F3CD0190]]></sign>
<time_end><![CDATA[20150821093302]]></time_end>
<total_fee>1</total_fee>
<trade_type><![CDATA[APP]]></trade_type>
<transaction_id><![CDATA[1003770119201508210670559889]]></transaction_id>
</xml>


执行日期：2015-08-21-09：33：33
【接收到app支付的通知json】:
<xml><appid><![CDATA[wxc9154e533b333d00]]></appid>
<bank_type><![CDATA[COMM_DEBIT]]></bank_type>
<cash_fee><![CDATA[1]]></cash_fee>
<fee_type><![CDATA[CNY]]></fee_type>
<is_subscribe><![CDATA[N]]></is_subscribe>
<mch_id><![CDATA[1247707501]]></mch_id>
<nonce_str><![CDATA[1aa3d9c6ce672447e1e5d0f1b5207e85]]></nonce_str>
<openid><![CDATA[oqUDWsqC3MFxwdzwTZTBFJZi37KY]]></openid>
<out_trade_no><![CDATA[fed537780f3f29cc5d5f313bbda423c4]]></out_trade_no>
<result_code><![CDATA[SUCCESS]]></result_code>
<return_code><![CDATA[SUCCESS]]></return_code>
<sign><![CDATA[6581F52598B3A630EC1BA554F3CD0190]]></sign>
<time_end><![CDATA[20150821093302]]></time_end>
<total_fee>1</total_fee>
<trade_type><![CDATA[APP]]></trade_type>
<transaction_id><![CDATA[1003770119201508210670559889]]></transaction_id>
</xml>


执行日期：2015-08-21-09：34：05
【接收到app支付的通知json】:
<xml><appid><![CDATA[wxc9154e533b333d00]]></appid>
<bank_type><![CDATA[COMM_DEBIT]]></bank_type>
<cash_fee><![CDATA[1]]></cash_fee>
<fee_type><![CDATA[CNY]]></fee_type>
<is_subscribe><![CDATA[N]]></is_subscribe>
<mch_id><![CDATA[1247707501]]></mch_id>
<nonce_str><![CDATA[1aa3d9c6ce672447e1e5d0f1b5207e85]]></nonce_str>
<openid><![CDATA[oqUDWsqC3MFxwdzwTZTBFJZi37KY]]></openid>
<out_trade_no><![CDATA[fed537780f3f29cc5d5f313bbda423c4]]></out_trade_no>
<result_code><![CDATA[SUCCESS]]></result_code>
<return_code><![CDATA[SUCCESS]]></return_code>
<sign><![CDATA[6581F52598B3A630EC1BA554F3CD0190]]></sign>
<time_end><![CDATA[20150821093302]]></time_end>
<total_fee>1</total_fee>
<trade_type><![CDATA[APP]]></trade_type>
<transaction_id><![CDATA[1003770119201508210670559889]]></transaction_id>
</xml>


执行日期：2015-08-21-09：37：08
【接收到app支付的通知json】:
<xml><appid><![CDATA[wxc9154e533b333d00]]></appid>
<bank_type><![CDATA[COMM_DEBIT]]></bank_type>
<cash_fee><![CDATA[1]]></cash_fee>
<fee_type><![CDATA[CNY]]></fee_type>
<is_subscribe><![CDATA[N]]></is_subscribe>
<mch_id><![CDATA[1247707501]]></mch_id>
<nonce_str><![CDATA[1aa3d9c6ce672447e1e5d0f1b5207e85]]></nonce_str>
<openid><![CDATA[oqUDWsqC3MFxwdzwTZTBFJZi37KY]]></openid>
<out_trade_no><![CDATA[fed537780f3f29cc5d5f313bbda423c4]]></out_trade_no>
<result_code><![CDATA[SUCCESS]]></result_code>
<return_code><![CDATA[SUCCESS]]></return_code>
<sign><![CDATA[6581F52598B3A630EC1BA554F3CD0190]]></sign>
<time_end><![CDATA[20150821093302]]></time_end>
<total_fee>1</total_fee>
<trade_type><![CDATA[APP]]></trade_type>
<transaction_id><![CDATA[1003770119201508210670559889]]></transaction_id>
</xml>


执行日期：2015-08-21-10：07：10
【接收到app支付的通知json】:
<xml><appid><![CDATA[wxc9154e533b333d00]]></appid>
<bank_type><![CDATA[COMM_DEBIT]]></bank_type>
<cash_fee><![CDATA[1]]></cash_fee>
<fee_type><![CDATA[CNY]]></fee_type>
<is_subscribe><![CDATA[N]]></is_subscribe>
<mch_id><![CDATA[1247707501]]></mch_id>
<nonce_str><![CDATA[1aa3d9c6ce672447e1e5d0f1b5207e85]]></nonce_str>
<openid><![CDATA[oqUDWsqC3MFxwdzwTZTBFJZi37KY]]></openid>
<out_trade_no><![CDATA[fed537780f3f29cc5d5f313bbda423c4]]></out_trade_no>
<result_code><![CDATA[SUCCESS]]></result_code>
<return_code><![CDATA[SUCCESS]]></return_code>
<sign><![CDATA[6581F52598B3A630EC1BA554F3CD0190]]></sign>
<time_end><![CDATA[20150821093302]]></time_end>
<total_fee>1</total_fee>
<trade_type><![CDATA[APP]]></trade_type>
<transaction_id><![CDATA[1003770119201508210670559889]]></transaction_id>
</xml>


执行日期：2015-08-21-10：37：13
【接收到app支付的通知json】:
<xml><appid><![CDATA[wxc9154e533b333d00]]></appid>
<bank_type><![CDATA[COMM_DEBIT]]></bank_type>
<cash_fee><![CDATA[1]]></cash_fee>
<fee_type><![CDATA[CNY]]></fee_type>
<is_subscribe><![CDATA[N]]></is_subscribe>
<mch_id><![CDATA[1247707501]]></mch_id>
<nonce_str><![CDATA[1aa3d9c6ce672447e1e5d0f1b5207e85]]></nonce_str>
<openid><![CDATA[oqUDWsqC3MFxwdzwTZTBFJZi37KY]]></openid>
<out_trade_no><![CDATA[fed537780f3f29cc5d5f313bbda423c4]]></out_trade_no>
<result_code><![CDATA[SUCCESS]]></result_code>
<return_code><![CDATA[SUCCESS]]></return_code>
<sign><![CDATA[6581F52598B3A630EC1BA554F3CD0190]]></sign>
<time_end><![CDATA[20150821093302]]></time_end>
<total_fee>1</total_fee>
<trade_type><![CDATA[APP]]></trade_type>
<transaction_id><![CDATA[1003770119201508210670559889]]></transaction_id>
</xml>


执行日期：2015-08-21-11：07：14
【接收到app支付的通知json】:
<xml><appid><![CDATA[wxc9154e533b333d00]]></appid>
<bank_type><![CDATA[COMM_DEBIT]]></bank_type>
<cash_fee><![CDATA[1]]></cash_fee>
<fee_type><![CDATA[CNY]]></fee_type>
<is_subscribe><![CDATA[N]]></is_subscribe>
<mch_id><![CDATA[1247707501]]></mch_id>
<nonce_str><![CDATA[1aa3d9c6ce672447e1e5d0f1b5207e85]]></nonce_str>
<openid><![CDATA[oqUDWsqC3MFxwdzwTZTBFJZi37KY]]></openid>
<out_trade_no><![CDATA[fed537780f3f29cc5d5f313bbda423c4]]></out_trade_no>
<result_code><![CDATA[SUCCESS]]></result_code>
<return_code><![CDATA[SUCCESS]]></return_code>
<sign><![CDATA[6581F52598B3A630EC1BA554F3CD0190]]></sign>
<time_end><![CDATA[20150821093302]]></time_end>
<total_fee>1</total_fee>
<trade_type><![CDATA[APP]]></trade_type>
<transaction_id><![CDATA[1003770119201508210670559889]]></transaction_id>
</xml>


执行日期：2015-08-21-11：37：16
【接收到app支付的通知json】:
<xml><appid><![CDATA[wxc9154e533b333d00]]></appid>
<bank_type><![CDATA[COMM_DEBIT]]></bank_type>
<cash_fee><![CDATA[1]]></cash_fee>
<fee_type><![CDATA[CNY]]></fee_type>
<is_subscribe><![CDATA[N]]></is_subscribe>
<mch_id><![CDATA[1247707501]]></mch_id>
<nonce_str><![CDATA[1aa3d9c6ce672447e1e5d0f1b5207e85]]></nonce_str>
<openid><![CDATA[oqUDWsqC3MFxwdzwTZTBFJZi37KY]]></openid>
<out_trade_no><![CDATA[fed537780f3f29cc5d5f313bbda423c4]]></out_trade_no>
<result_code><![CDATA[SUCCESS]]></result_code>
<return_code><![CDATA[SUCCESS]]></return_code>
<sign><![CDATA[6581F52598B3A630EC1BA554F3CD0190]]></sign>
<time_end><![CDATA[20150821093302]]></time_end>
<total_fee>1</total_fee>
<trade_type><![CDATA[APP]]></trade_type>
<transaction_id><![CDATA[1003770119201508210670559889]]></transaction_id>
</xml>
返回的通知结果:
<xml><return_code><![CDATA[SUCCESS]]></return_code></xml>


执行日期：2015-08-21-13：35：04
【接收到app支付的通知json】:
<xml><appid><![CDATA[wxc9154e533b333d00]]></appid>
<bank_type><![CDATA[COMM_DEBIT]]></bank_type>
<cash_fee><![CDATA[1]]></cash_fee>
<fee_type><![CDATA[CNY]]></fee_type>
<is_subscribe><![CDATA[N]]></is_subscribe>
<mch_id><![CDATA[1247707501]]></mch_id>
<nonce_str><![CDATA[0c2f66f43752d47fb49abeea0badf47a]]></nonce_str>
<openid><![CDATA[oqUDWsqC3MFxwdzwTZTBFJZi37KY]]></openid>
<out_trade_no><![CDATA[Q2020150821133424841370]]></out_trade_no>
<result_code><![CDATA[SUCCESS]]></result_code>
<return_code><![CDATA[SUCCESS]]></return_code>
<sign><![CDATA[6051A18F7FD043F969463CDF346D8C0C]]></sign>
<time_end><![CDATA[20150821133503]]></time_end>
<total_fee>1</total_fee>
<trade_type><![CDATA[APP]]></trade_type>
<transaction_id><![CDATA[1003770119201508210672841468]]></transaction_id>
</xml>
返回的通知结果:
<xml><return_code><![CDATA[SUCCESS]]></return_code></xml>


执行日期：2015-08-21-13：43：23
【接收到app支付的通知json】:
<xml><appid><![CDATA[wxc9154e533b333d00]]></appid>
<bank_type><![CDATA[CFT]]></bank_type>
<cash_fee><![CDATA[1]]></cash_fee>
<fee_type><![CDATA[CNY]]></fee_type>
<is_subscribe><![CDATA[N]]></is_subscribe>
<mch_id><![CDATA[1247707501]]></mch_id>
<nonce_str><![CDATA[db27a2459bbd1a02bc74db649d9759bd]]></nonce_str>
<openid><![CDATA[oqUDWsqPk0mc7gREk75mNZ08OWIQ]]></openid>
<out_trade_no><![CDATA[Q2020150821134217950884]]></out_trade_no>
<result_code><![CDATA[SUCCESS]]></result_code>
<return_code><![CDATA[SUCCESS]]></return_code>
<sign><![CDATA[661F522F47A7793B9113724362736520]]></sign>
<time_end><![CDATA[20150821134321]]></time_end>
<total_fee>1</total_fee>
<trade_type><![CDATA[APP]]></trade_type>
<transaction_id><![CDATA[1001080119201508210672910677]]></transaction_id>
</xml>
返回的通知结果:
<xml><return_code><![CDATA[SUCCESS]]></return_code></xml>


