执行日期：2015-08-03-09：00：14
【拼接url】:
http://i.7724.com/recharge/wechatNotify?messageJson={"appid":"wxc467e6f6e7f6e2c0","bank_type":"COMM_DEBIT","cash_fee":"1","fee_type":"CNY","is_subscribe":"Y","mch_id":"1235277202","nonce_str":"hgawzhmurgsqs3wj7l5qruhwvyk5t0ah","openid":"omm55uFpWfi1vqp6TIUqd4OGZaZ8","out_trade_no":"wxc467e6f6e7f6e2c01438563603","result_code":"SUCCESS","return_code":"SUCCESS","sign":"B3D5C25329E8AC48619E48DA8D4B263C","time_end":"20150803090013","total_fee":"1","trade_type":"JSAPI","transaction_id":"1003770526201508030535550356"}
通知的信息:
<xml><return_code><![CDATA[SUCCESS]]></return_code></xml>

执行日期：2015-08-03-09：00：14
【拼接url-2】:
http://i.7724.com/recharge/wechatNotify?messageJson={"appid":"wxc467e6f6e7f6e2c0","bank_type":"COMM_DEBIT","cash_fee":"1","fee_type":"CNY","is_subscribe":"Y","mch_id":"1235277202","nonce_str":"hgawzhmurgsqs3wj7l5qruhwvyk5t0ah","openid":"omm55uFpWfi1vqp6TIUqd4OGZaZ8","out_trade_no":"wxc467e6f6e7f6e2c01438563603","result_code":"SUCCESS","return_code":"SUCCESS","sign":"B3D5C25329E8AC48619E48DA8D4B263C","time_end":"20150803090013","total_fee":"1","trade_type":"JSAPI","transaction_id":"1003770526201508030535550356"}


执行日期：2015-08-03-09：21：34
【拼接url】:
http://i.7724.com/recharge/wechatNotify?messageJson={"appid":"wxc467e6f6e7f6e2c0","bank_type":"COMM_DEBIT","cash_fee":"1","fee_type":"CNY","is_subscribe":"Y","mch_id":"1235277202","nonce_str":"3orjwpfzeoe7np9hvex87pqssstj19wk","openid":"omm55uFpWfi1vqp6TIUqd4OGZaZ8","out_trade_no":"wxc467e6f6e7f6e2c01438562837","recharge_order_no":"Q2020150803084716232816","result_code":"SUCCESS","return_code":"SUCCESS","sign":"ED97C72B761D15836CD411A7FF228F62","time_end":"20150803084727","total_fee":"1","trade_type":"JSAPI","transaction_id":"1003770526201508030535511844"}
通知的信息:
<xml><return_code><![CDATA[FAIL]]></return_code><return_msg><![CDATA[签名失败]]></return_msg></xml>

执行日期：2015-08-03-09：33：52
【拼接url】:
http://i.7724.com/recharge/wechatNotify?messageJson={"appid":"wxc467e6f6e7f6e2c0","bank_type":"COMM_DEBIT","cash_fee":"1","fee_type":"CNY","is_subscribe":"Y","mch_id":"1235277202","nonce_str":"0ylm3w1f3wdjzz4cw38u0gbepvf7rh22","openid":"omm55uFpWfi1vqp6TIUqd4OGZaZ8","out_trade_no":"wxc467e6f6e7f6e2c01438565623","recharge_order_no":"Q2020150803093342410887","result_code":"SUCCESS","return_code":"SUCCESS","sign":"C3305D04E11D62CF1F08F0D59B30EBED","time_end":"20150803093351","total_fee":"1","trade_type":"JSAPI","transaction_id":"1003770526201508030535726904"}
通知的信息:
<xml><return_code><![CDATA[SUCCESS]]></return_code></xml>

执行日期：2015-08-03-09：33：52
【拼接url-2】:
http://i.7724.com/recharge/wechatNotify?messageJson={"appid":"wxc467e6f6e7f6e2c0","bank_type":"COMM_DEBIT","cash_fee":"1","fee_type":"CNY","is_subscribe":"Y","mch_id":"1235277202","nonce_str":"0ylm3w1f3wdjzz4cw38u0gbepvf7rh22","openid":"omm55uFpWfi1vqp6TIUqd4OGZaZ8","out_trade_no":"wxc467e6f6e7f6e2c01438565623","recharge_order_no":"Q2020150803093342410887","result_code":"SUCCESS","return_code":"SUCCESS","sign":"C3305D04E11D62CF1F08F0D59B30EBED","time_end":"20150803093351","total_fee":"1","trade_type":"JSAPI","transaction_id":"1003770526201508030535726904"}


